
**** Build of configuration Debug for project 11.Exin_key ****

"D:\\CCS\\ccs\\utils\\bin\\gmake" -k -j 8 all -O 
 
Building file: "../main.c"
Invoking: ARM Compiler
"D:/CCS/ccs/tools/compiler/ti-cgt-arm_20.2.1.LTS/bin/armcl" -mv7M4 --code_state=16 --float_support=FPv4SPD16 -me --include_path="D:/CCS/ccs/ccs_base/arm/include" --include_path="C:/ti/msp/MSP432Ware_3_40_00_25/driverlib/driverlib/MSP432P4xx" --include_path="D:/CCS/ccs/ccs_base/arm/include/CMSIS" --include_path="D:/CCS/MSP432project/11.Exin_key" --include_path="D:/CCS/ccs/tools/compiler/ti-cgt-arm_20.2.1.LTS/include" --advice:power=all --define=__MSP432P401R__ --define=ccs -g --gcc --diag_warning=225 --diag_wrap=off --display_error_number --abi=eabi --preproc_with_compile --preproc_dependency="main.d_raw"  "../main.c"
"../main.c", line 6: warning #9-D: nested comment is not allowed
"..\exinlibs\headfile.h", line 6: warning #9-D: nested comment is not allowed
"..\exinlibs\exingpio.h", line 6: warning #9-D: nested comment is not allowed
"..\exinlibs\dat.h", line 6: warning #9-D: nested comment is not allowed
"..\exinlibs\exinpwm.h", line 6: warning #9-D: nested comment is not allowed
"..\exinlibs\exin_pit.h", line 6: warning #9-D: nested comment is not allowed
"..\exinlibs\exinADC.h", line 6: warning #9-D: nested comment is not allowed
"..\exinlibs\exinmotor.h", line 6: warning #9-D: nested comment is not allowed
"..\exinlibs\exinencoder.h", line 6: warning #9-D: nested comment is not allowed
"..\exinlibs\exinsystem.h", line 6: warning #9-D: nested comment is not allowed
"..\exinlibs\exinuart.h", line 6: warning #9-D: nested comment is not allowed
"..\exinlibs\exinadjust.h", line 6: warning #9-D: nested comment is not allowed
"..\exinlibs\exinkey.h", line 6: warning #9-D: nested comment is not allowed
"..\exinlibs\exinsteer.h", line 6: warning #9-D: nested comment is not allowed
"..\exinlibs\headfile.h", line 6: warning #9-D: nested comment is not allowed
"..\exinlibs\exinHC_SR04.h", line 6: warning #9-D: nested comment is not allowed
Finished building: "../main.c"
 
Building file: "../startup_msp432p401r_ccs.c"
Invoking: ARM Compiler
"D:/CCS/ccs/tools/compiler/ti-cgt-arm_20.2.1.LTS/bin/armcl" -mv7M4 --code_state=16 --float_support=FPv4SPD16 -me --include_path="D:/CCS/ccs/ccs_base/arm/include" --include_path="C:/ti/msp/MSP432Ware_3_40_00_25/driverlib/driverlib/MSP432P4xx" --include_path="D:/CCS/ccs/ccs_base/arm/include/CMSIS" --include_path="D:/CCS/MSP432project/11.Exin_key" --include_path="D:/CCS/ccs/tools/compiler/ti-cgt-arm_20.2.1.LTS/include" --advice:power=all --define=__MSP432P401R__ --define=ccs -g --gcc --diag_warning=225 --diag_wrap=off --display_error_number --abi=eabi --preproc_with_compile --preproc_dependency="startup_msp432p401r_ccs.d_raw"  "../startup_msp432p401r_ccs.c"
Finished building: "../startup_msp432p401r_ccs.c"
 
Building file: "../system_msp432p401r.c"
Invoking: ARM Compiler
"D:/CCS/ccs/tools/compiler/ti-cgt-arm_20.2.1.LTS/bin/armcl" -mv7M4 --code_state=16 --float_support=FPv4SPD16 -me --include_path="D:/CCS/ccs/ccs_base/arm/include" --include_path="C:/ti/msp/MSP432Ware_3_40_00_25/driverlib/driverlib/MSP432P4xx" --include_path="D:/CCS/ccs/ccs_base/arm/include/CMSIS" --include_path="D:/CCS/MSP432project/11.Exin_key" --include_path="D:/CCS/ccs/tools/compiler/ti-cgt-arm_20.2.1.LTS/include" --advice:power=all --define=__MSP432P401R__ --define=ccs -g --gcc --diag_warning=225 --diag_wrap=off --display_error_number --abi=eabi --preproc_with_compile --preproc_dependency="system_msp432p401r.d_raw"  "../system_msp432p401r.c"
"../system_msp432p401r.c", line 156: remark #2624-D: (ULP 5.4) Detected an assignment to a type with size less than int. To avoid unnecessary sign extension, use int-sized types for local varaibles and convert to smaller types for static storage.
"../system_msp432p401r.c", line 189: remark #2624-D: (ULP 5.4) Detected an assignment to a type with size less than int. To avoid unnecessary sign extension, use int-sized types for local varaibles and convert to smaller types for static storage.
Finished building: "../system_msp432p401r.c"
 
Building file: "../exinlibs/ADS1292.c"
Invoking: ARM Compiler
"D:/CCS/ccs/tools/compiler/ti-cgt-arm_20.2.1.LTS/bin/armcl" -mv7M4 --code_state=16 --float_support=FPv4SPD16 -me --include_path="D:/CCS/ccs/ccs_base/arm/include" --include_path="C:/ti/msp/MSP432Ware_3_40_00_25/driverlib/driverlib/MSP432P4xx" --include_path="D:/CCS/ccs/ccs_base/arm/include/CMSIS" --include_path="D:/CCS/MSP432project/11.Exin_key" --include_path="D:/CCS/ccs/tools/compiler/ti-cgt-arm_20.2.1.LTS/include" --advice:power=all --define=__MSP432P401R__ --define=ccs -g --gcc --diag_warning=225 --diag_wrap=off --display_error_number --abi=eabi --preproc_with_compile --preproc_dependency="exinlibs/ADS1292.d_raw" --obj_directory="exinlibs"  "../exinlibs/ADS1292.c"
"..\exinlibs\headfile.h", line 6: warning #9-D: nested comment is not allowed
"..\exinlibs\exingpio.h", line 6: warning #9-D: nested comment is not allowed
"..\exinlibs\dat.h", line 6: warning #9-D: nested comment is not allowed
"..\exinlibs\exinpwm.h", line 6: warning #9-D: nested comment is not allowed
"..\exinlibs\exin_pit.h", line 6: warning #9-D: nested comment is not allowed
"..\exinlibs\exinADC.h", line 6: warning #9-D: nested comment is not allowed
"..\exinlibs\exinmotor.h", line 6: warning #9-D: nested comment is not allowed
"..\exinlibs\exinencoder.h", line 6: warning #9-D: nested comment is not allowed
"..\exinlibs\exinsystem.h", line 6: warning #9-D: nested comment is not allowed
"..\exinlibs\exinuart.h", line 6: warning #9-D: nested comment is not allowed
"..\exinlibs\exinadjust.h", line 6: warning #9-D: nested comment is not allowed
"..\exinlibs\exinkey.h", line 6: warning #9-D: nested comment is not allowed
"..\exinlibs\exinsteer.h", line 6: warning #9-D: nested comment is not allowed
"..\exinlibs\headfile.h", line 6: warning #9-D: nested comment is not allowed
"..\exinlibs\exinHC_SR04.h", line 6: warning #9-D: nested comment is not allowed
Finished building: "../exinlibs/ADS1292.c"
 
Building file: "../exinlibs/ADS_RCV.c"
Invoking: ARM Compiler
"D:/CCS/ccs/tools/compiler/ti-cgt-arm_20.2.1.LTS/bin/armcl" -mv7M4 --code_state=16 --float_support=FPv4SPD16 -me --include_path="D:/CCS/ccs/ccs_base/arm/include" --include_path="C:/ti/msp/MSP432Ware_3_40_00_25/driverlib/driverlib/MSP432P4xx" --include_path="D:/CCS/ccs/ccs_base/arm/include/CMSIS" --include_path="D:/CCS/MSP432project/11.Exin_key" --include_path="D:/CCS/ccs/tools/compiler/ti-cgt-arm_20.2.1.LTS/include" --advice:power=all --define=__MSP432P401R__ --define=ccs -g --gcc --diag_warning=225 --diag_wrap=off --display_error_number --abi=eabi --preproc_with_compile --preproc_dependency="exinlibs/ADS_RCV.d_raw" --obj_directory="exinlibs"  "../exinlibs/ADS_RCV.c"
"../exinlibs/ADS_RCV.c", line 126: warning #179-D: variable "count_NF" was declared but never referenced
Finished building: "../exinlibs/ADS_RCV.c"
 
Building file: "../exinlibs/LMT70RD.c"
Invoking: ARM Compiler
"D:/CCS/ccs/tools/compiler/ti-cgt-arm_20.2.1.LTS/bin/armcl" -mv7M4 --code_state=16 --float_support=FPv4SPD16 -me --include_path="D:/CCS/ccs/ccs_base/arm/include" --include_path="C:/ti/msp/MSP432Ware_3_40_00_25/driverlib/driverlib/MSP432P4xx" --include_path="D:/CCS/ccs/ccs_base/arm/include/CMSIS" --include_path="D:/CCS/MSP432project/11.Exin_key" --include_path="D:/CCS/ccs/tools/compiler/ti-cgt-arm_20.2.1.LTS/include" --advice:power=all --define=__MSP432P401R__ --define=ccs -g --gcc --diag_warning=225 --diag_wrap=off --display_error_number --abi=eabi --preproc_with_compile --preproc_dependency="exinlibs/LMT70RD.d_raw" --obj_directory="exinlibs"  "../exinlibs/LMT70RD.c"
"..\exinlibs\headfile.h", line 6: warning #9-D: nested comment is not allowed
"..\exinlibs\exingpio.h", line 6: warning #9-D: nested comment is not allowed
"..\exinlibs\dat.h", line 6: warning #9-D: nested comment is not allowed
"..\exinlibs\exinpwm.h", line 6: warning #9-D: nested comment is not allowed
"..\exinlibs\exin_pit.h", line 6: warning #9-D: nested comment is not allowed
"..\exinlibs\exinADC.h", line 6: warning #9-D: nested comment is not allowed
"..\exinlibs\exinmotor.h", line 6: warning #9-D: nested comment is not allowed
"..\exinlibs\exinencoder.h", line 6: warning #9-D: nested comment is not allowed
"..\exinlibs\exinsystem.h", line 6: warning #9-D: nested comment is not allowed
"..\exinlibs\exinuart.h", line 6: warning #9-D: nested comment is not allowed
"..\exinlibs\exinadjust.h", line 6: warning #9-D: nested comment is not allowed
"..\exinlibs\exinkey.h", line 6: warning #9-D: nested comment is not allowed
"..\exinlibs\exinsteer.h", line 6: warning #9-D: nested comment is not allowed
"..\exinlibs\exinHC_SR04.h", line 6: warning #9-D: nested comment is not allowed
"../exinlibs/LMT70RD.c", line 90: warning #112-D: statement is unreachable
"../exinlibs/LMT70RD.c", line 11 (col. 15): remark #1531-D: (ULP 5.2) Detected floating point operation(s). Recommend moving them to RAM during run time or not using as these are processing/power intensive
"../exinlibs/LMT70RD.c", line 13 (col. 20): remark #1531-D: (ULP 5.2) Detected floating point operation(s). Recommend moving them to RAM during run time or not using as these are processing/power intensive
"../exinlibs/LMT70RD.c", line 15 (col. 20): remark #1531-D: (ULP 5.2) Detected floating point operation(s). Recommend moving them to RAM during run time or not using as these are processing/power intensive
Finished building: "../exinlibs/LMT70RD.c"
 
Building file: "../exinlibs/OV_RCV.c"
Invoking: ARM Compiler
"D:/CCS/ccs/tools/compiler/ti-cgt-arm_20.2.1.LTS/bin/armcl" -mv7M4 --code_state=16 --float_support=FPv4SPD16 -me --include_path="D:/CCS/ccs/ccs_base/arm/include" --include_path="C:/ti/msp/MSP432Ware_3_40_00_25/driverlib/driverlib/MSP432P4xx" --include_path="D:/CCS/ccs/ccs_base/arm/include/CMSIS" --include_path="D:/CCS/MSP432project/11.Exin_key" --include_path="D:/CCS/ccs/tools/compiler/ti-cgt-arm_20.2.1.LTS/include" --advice:power=all --define=__MSP432P401R__ --define=ccs -g --gcc --diag_warning=225 --diag_wrap=off --display_error_number --abi=eabi --preproc_with_compile --preproc_dependency="exinlibs/OV_RCV.d_raw" --obj_directory="exinlibs"  "../exinlibs/OV_RCV.c"
"../exinlibs/OV_RCV.c", line 6: warning #9-D: nested comment is not allowed
"..\exinlibs\OV_RCV.h", line 6: warning #9-D: nested comment is not allowed
"..\exinlibs\headfile.h", line 6: warning #9-D: nested comment is not allowed
"..\exinlibs\exingpio.h", line 6: warning #9-D: nested comment is not allowed
"..\exinlibs\dat.h", line 6: warning #9-D: nested comment is not allowed
"..\exinlibs\exinpwm.h", line 6: warning #9-D: nested comment is not allowed
"..\exinlibs\exin_pit.h", line 6: warning #9-D: nested comment is not allowed
"..\exinlibs\exinADC.h", line 6: warning #9-D: nested comment is not allowed
"..\exinlibs\exinmotor.h", line 6: warning #9-D: nested comment is not allowed
"..\exinlibs\exinencoder.h", line 6: warning #9-D: nested comment is not allowed
"..\exinlibs\exinsystem.h", line 6: warning #9-D: nested comment is not allowed
"..\exinlibs\exinuart.h", line 6: warning #9-D: nested comment is not allowed
"..\exinlibs\exinadjust.h", line 6: warning #9-D: nested comment is not allowed
"..\exinlibs\exinkey.h", line 6: warning #9-D: nested comment is not allowed
"..\exinlibs\exinsteer.h", line 6: warning #9-D: nested comment is not allowed
"..\exinlibs\headfile.h", line 6: warning #9-D: nested comment is not allowed
"..\exinlibs\exinHC_SR04.h", line 6: warning #9-D: nested comment is not allowed
"../exinlibs/OV_RCV.c", line 112: remark #2624-D: (ULP 5.4) Detected an assignment to a type with size less than int. To avoid unnecessary sign extension, use int-sized types for local varaibles and convert to smaller types for static storage.
"../exinlibs/OV_RCV.c", line 114: remark #2624-D: (ULP 5.4) Detected an assignment to a type with size less than int. To avoid unnecessary sign extension, use int-sized types for local varaibles and convert to smaller types for static storage.
"../exinlibs/OV_RCV.c", line 116: remark #2624-D: (ULP 5.4) Detected an assignment to a type with size less than int. To avoid unnecessary sign extension, use int-sized types for local varaibles and convert to smaller types for static storage.
"../exinlibs/OV_RCV.c", line 159: remark #2624-D: (ULP 5.4) Detected an assignment to a type with size less than int. To avoid unnecessary sign extension, use int-sized types for local varaibles and convert to smaller types for static storage.
"../exinlibs/OV_RCV.c", line 160: remark #2624-D: (ULP 5.4) Detected an assignment to a type with size less than int. To avoid unnecessary sign extension, use int-sized types for local varaibles and convert to smaller types for static storage.
"../exinlibs/OV_RCV.c", line 166: remark #2624-D: (ULP 5.4) Detected an assignment to a type with size less than int. To avoid unnecessary sign extension, use int-sized types for local varaibles and convert to smaller types for static storage.
"../exinlibs/OV_RCV.c", line 153: remark #2624-D: (ULP 5.4) Detected an assignment to a type with size less than int. To avoid unnecessary sign extension, use int-sized types for local varaibles and convert to smaller types for static storage.
Finished building: "../exinlibs/OV_RCV.c"
 
Building file: "../exinlibs/Oscill_OLED.c"
Invoking: ARM Compiler
"D:/CCS/ccs/tools/compiler/ti-cgt-arm_20.2.1.LTS/bin/armcl" -mv7M4 --code_state=16 --float_support=FPv4SPD16 -me --include_path="D:/CCS/ccs/ccs_base/arm/include" --include_path="C:/ti/msp/MSP432Ware_3_40_00_25/driverlib/driverlib/MSP432P4xx" --include_path="D:/CCS/ccs/ccs_base/arm/include/CMSIS" --include_path="D:/CCS/MSP432project/11.Exin_key" --include_path="D:/CCS/ccs/tools/compiler/ti-cgt-arm_20.2.1.LTS/include" --advice:power=all --define=__MSP432P401R__ --define=ccs -g --gcc --diag_warning=225 --diag_wrap=off --display_error_number --abi=eabi --preproc_with_compile --preproc_dependency="exinlibs/Oscill_OLED.d_raw" --obj_directory="exinlibs"  "../exinlibs/Oscill_OLED.c"
"..\exinlibs\headfile.h", line 6: warning #9-D: nested comment is not allowed
"..\exinlibs\exingpio.h", line 6: warning #9-D: nested comment is not allowed
"..\exinlibs\dat.h", line 6: warning #9-D: nested comment is not allowed
"..\exinlibs\exinpwm.h", line 6: warning #9-D: nested comment is not allowed
"..\exinlibs\exin_pit.h", line 6: warning #9-D: nested comment is not allowed
"..\exinlibs\exinADC.h", line 6: warning #9-D: nested comment is not allowed
"..\exinlibs\exinmotor.h", line 6: warning #9-D: nested comment is not allowed
"..\exinlibs\exinencoder.h", line 6: warning #9-D: nested comment is not allowed
"..\exinlibs\exinsystem.h", line 6: warning #9-D: nested comment is not allowed
"..\exinlibs\exinuart.h", line 6: warning #9-D: nested comment is not allowed
"..\exinlibs\exinadjust.h", line 6: warning #9-D: nested comment is not allowed
"..\exinlibs\exinkey.h", line 6: warning #9-D: nested comment is not allowed
"..\exinlibs\exinsteer.h", line 6: warning #9-D: nested comment is not allowed
"..\exinlibs\headfile.h", line 6: warning #9-D: nested comment is not allowed
"..\exinlibs\exinHC_SR04.h", line 6: warning #9-D: nested comment is not allowed
"../exinlibs/Oscill_OLED.c", line 76: warning #262-D: explicit type is missing ("int" assumed)
"../exinlibs/Oscill_OLED.c", line 77: warning #262-D: explicit type is missing ("int" assumed)
"D:/CCS/ccs/tools/compiler/ti-cgt-arm_20.2.1.LTS/include/_defs.h", line 333 (col. 37): remark #1531-D: (ULP 5.2) Detected floating point operation(s). Recommend moving them to RAM during run time or not using as these are processing/power intensive
"D:/CCS/ccs/tools/compiler/ti-cgt-arm_20.2.1.LTS/include/_defs.h", line 334 (col. 10): remark #1531-D: (ULP 5.2) Detected floating point operation(s). Recommend moving them to RAM during run time or not using as these are processing/power intensive
"D:/CCS/ccs/tools/compiler/ti-cgt-arm_20.2.1.LTS/include/_defs.h", line 337 (col. 37): remark #1531-D: (ULP 5.2) Detected floating point operation(s). Recommend moving them to RAM during run time or not using as these are processing/power intensive
"D:/CCS/ccs/tools/compiler/ti-cgt-arm_20.2.1.LTS/include/_defs.h", line 338 (col. 10): remark #1531-D: (ULP 5.2) Detected floating point operation(s). Recommend moving them to RAM during run time or not using as these are processing/power intensive
"D:/CCS/ccs/tools/compiler/ti-cgt-arm_20.2.1.LTS/include/_defs.h", line 340 (col. 37): remark #1531-D: (ULP 5.2) Detected floating point operation(s). Recommend moving them to RAM during run time or not using as these are processing/power intensive
"D:/CCS/ccs/tools/compiler/ti-cgt-arm_20.2.1.LTS/include/_defs.h", line 341 (col. 10): remark #1531-D: (ULP 5.2) Detected floating point operation(s). Recommend moving them to RAM during run time or not using as these are processing/power intensive
"D:/CCS/ccs/tools/compiler/ti-cgt-arm_20.2.1.LTS/include/_defs.h", line 342 (col. 10): remark #1531-D: (ULP 5.2) Detected floating point operation(s). Recommend moving them to RAM during run time or not using as these are processing/power intensive
"D:/CCS/ccs/tools/compiler/ti-cgt-arm_20.2.1.LTS/include/_defs.h", line 346 (col. 37): remark #1531-D: (ULP 5.2) Detected floating point operation(s). Recommend moving them to RAM during run time or not using as these are processing/power intensive
"D:/CCS/ccs/tools/compiler/ti-cgt-arm_20.2.1.LTS/include/_defs.h", line 347 (col. 10): remark #1531-D: (ULP 5.2) Detected floating point operation(s). Recommend moving them to RAM during run time or not using as these are processing/power intensive
"D:/CCS/ccs/tools/compiler/ti-cgt-arm_20.2.1.LTS/include/_defs.h", line 348 (col. 10): remark #1531-D: (ULP 5.2) Detected floating point operation(s). Recommend moving them to RAM during run time or not using as these are processing/power intensive
"D:/CCS/ccs/tools/compiler/ti-cgt-arm_20.2.1.LTS/include/_defs.h", line 350 (col. 37): remark #1531-D: (ULP 5.2) Detected floating point operation(s). Recommend moving them to RAM during run time or not using as these are processing/power intensive
"D:/CCS/ccs/tools/compiler/ti-cgt-arm_20.2.1.LTS/include/_defs.h", line 351 (col. 11): remark #1531-D: (ULP 5.2) Detected floating point operation(s). Recommend moving them to RAM during run time or not using as these are processing/power intensive
"D:/CCS/ccs/tools/compiler/ti-cgt-arm_20.2.1.LTS/include/_defs.h", line 352 (col. 11): remark #1531-D: (ULP 5.2) Detected floating point operation(s). Recommend moving them to RAM during run time or not using as these are processing/power intensive
"D:/CCS/ccs/tools/compiler/ti-cgt-arm_20.2.1.LTS/include/_defs.h", line 358 (col. 37): remark #1531-D: (ULP 5.2) Detected floating point operation(s). Recommend moving them to RAM during run time or not using as these are processing/power intensive
"D:/CCS/ccs/tools/compiler/ti-cgt-arm_20.2.1.LTS/include/_defs.h", line 359 (col. 11): remark #1531-D: (ULP 5.2) Detected floating point operation(s). Recommend moving them to RAM during run time or not using as these are processing/power intensive
"D:/CCS/ccs/tools/compiler/ti-cgt-arm_20.2.1.LTS/include/_defs.h", line 360 (col. 11): remark #1531-D: (ULP 5.2) Detected floating point operation(s). Recommend moving them to RAM during run time or not using as these are processing/power intensive
"D:/CCS/ccs/tools/compiler/ti-cgt-arm_20.2.1.LTS/include/_defs.h", line 362 (col. 37): remark #1531-D: (ULP 5.2) Detected floating point operation(s). Recommend moving them to RAM during run time or not using as these are processing/power intensive
"D:/CCS/ccs/tools/compiler/ti-cgt-arm_20.2.1.LTS/include/_defs.h", line 363 (col. 10): remark #1531-D: (ULP 5.2) Detected floating point operation(s). Recommend moving them to RAM during run time or not using as these are processing/power intensive
"D:/CCS/ccs/tools/compiler/ti-cgt-arm_20.2.1.LTS/include/_defs.h", line 366 (col. 37): remark #1531-D: (ULP 5.2) Detected floating point operation(s). Recommend moving them to RAM during run time or not using as these are processing/power intensive
"D:/CCS/ccs/tools/compiler/ti-cgt-arm_20.2.1.LTS/include/_defs.h", line 367 (col. 10): remark #1531-D: (ULP 5.2) Detected floating point operation(s). Recommend moving them to RAM during run time or not using as these are processing/power intensive
"D:/CCS/ccs/tools/compiler/ti-cgt-arm_20.2.1.LTS/include/_defs.h", line 375 (col. 37): remark #1531-D: (ULP 5.2) Detected floating point operation(s). Recommend moving them to RAM during run time or not using as these are processing/power intensive
"D:/CCS/ccs/tools/compiler/ti-cgt-arm_20.2.1.LTS/include/_defs.h", line 376 (col. 10): remark #1531-D: (ULP 5.2) Detected floating point operation(s). Recommend moving them to RAM during run time or not using as these are processing/power intensive
"D:/CCS/ccs/tools/compiler/ti-cgt-arm_20.2.1.LTS/include/_defs.h", line 377 (col. 37): remark #1531-D: (ULP 5.2) Detected floating point operation(s). Recommend moving them to RAM during run time or not using as these are processing/power intensive
"D:/CCS/ccs/tools/compiler/ti-cgt-arm_20.2.1.LTS/include/_defs.h", line 378 (col. 10): remark #1531-D: (ULP 5.2) Detected floating point operation(s). Recommend moving them to RAM during run time or not using as these are processing/power intensive
"D:/CCS/ccs/tools/compiler/ti-cgt-arm_20.2.1.LTS/include/_defs.h", line 412 (col. 37): remark #1531-D: (ULP 5.2) Detected floating point operation(s). Recommend moving them to RAM during run time or not using as these are processing/power intensive
"D:/CCS/ccs/tools/compiler/ti-cgt-arm_20.2.1.LTS/include/_defs.h", line 414 (col. 9): remark #1531-D: (ULP 5.2) Detected floating point operation(s). Recommend moving them to RAM during run time or not using as these are processing/power intensive
"D:/CCS/ccs/tools/compiler/ti-cgt-arm_20.2.1.LTS/include/_defs.h", line 416 (col. 13): remark #1531-D: (ULP 5.2) Detected floating point operation(s). Recommend moving them to RAM during run time or not using as these are processing/power intensive
"D:/CCS/ccs/tools/compiler/ti-cgt-arm_20.2.1.LTS/include/_defs.h", line 420 (col. 9): remark #1531-D: (ULP 5.2) Detected floating point operation(s). Recommend moving them to RAM during run time or not using as these are processing/power intensive
"D:/CCS/ccs/tools/compiler/ti-cgt-arm_20.2.1.LTS/include/_defs.h", line 422 (col. 13): remark #1531-D: (ULP 5.2) Detected floating point operation(s). Recommend moving them to RAM during run time or not using as these are processing/power intensive
"D:/CCS/ccs/tools/compiler/ti-cgt-arm_20.2.1.LTS/include/_defs.h", line 429 (col. 37): remark #1531-D: (ULP 5.2) Detected floating point operation(s). Recommend moving them to RAM during run time or not using as these are processing/power intensive
"D:/CCS/ccs/tools/compiler/ti-cgt-arm_20.2.1.LTS/include/_defs.h", line 431 (col. 9): remark #1531-D: (ULP 5.2) Detected floating point operation(s). Recommend moving them to RAM during run time or not using as these are processing/power intensive
"D:/CCS/ccs/tools/compiler/ti-cgt-arm_20.2.1.LTS/include/_defs.h", line 433 (col. 13): remark #1531-D: (ULP 5.2) Detected floating point operation(s). Recommend moving them to RAM during run time or not using as these are processing/power intensive
"D:/CCS/ccs/tools/compiler/ti-cgt-arm_20.2.1.LTS/include/_defs.h", line 437 (col. 9): remark #1531-D: (ULP 5.2) Detected floating point operation(s). Recommend moving them to RAM during run time or not using as these are processing/power intensive
"D:/CCS/ccs/tools/compiler/ti-cgt-arm_20.2.1.LTS/include/_defs.h", line 439 (col. 13): remark #1531-D: (ULP 5.2) Detected floating point operation(s). Recommend moving them to RAM during run time or not using as these are processing/power intensive
Finished building: "../exinlibs/Oscill_OLED.c"
 
Building file: "../exinlibs/exinADC.c"
Invoking: ARM Compiler
"D:/CCS/ccs/tools/compiler/ti-cgt-arm_20.2.1.LTS/bin/armcl" -mv7M4 --code_state=16 --float_support=FPv4SPD16 -me --include_path="D:/CCS/ccs/ccs_base/arm/include" --include_path="C:/ti/msp/MSP432Ware_3_40_00_25/driverlib/driverlib/MSP432P4xx" --include_path="D:/CCS/ccs/ccs_base/arm/include/CMSIS" --include_path="D:/CCS/MSP432project/11.Exin_key" --include_path="D:/CCS/ccs/tools/compiler/ti-cgt-arm_20.2.1.LTS/include" --advice:power=all --define=__MSP432P401R__ --define=ccs -g --gcc --diag_warning=225 --diag_wrap=off --display_error_number --abi=eabi --preproc_with_compile --preproc_dependency="exinlibs/exinADC.d_raw" --obj_directory="exinlibs"  "../exinlibs/exinADC.c"
"../exinlibs/exinADC.c", line 6: warning #9-D: nested comment is not allowed
"..\exinlibs\headfile.h", line 6: warning #9-D: nested comment is not allowed
"..\exinlibs\exingpio.h", line 6: warning #9-D: nested comment is not allowed
"..\exinlibs\dat.h", line 6: warning #9-D: nested comment is not allowed
"..\exinlibs\exinpwm.h", line 6: warning #9-D: nested comment is not allowed
"..\exinlibs\exin_pit.h", line 6: warning #9-D: nested comment is not allowed
"..\exinlibs\exinADC.h", line 6: warning #9-D: nested comment is not allowed
"..\exinlibs\exinmotor.h", line 6: warning #9-D: nested comment is not allowed
"..\exinlibs\exinencoder.h", line 6: warning #9-D: nested comment is not allowed
"..\exinlibs\exinsystem.h", line 6: warning #9-D: nested comment is not allowed
"..\exinlibs\exinuart.h", line 6: warning #9-D: nested comment is not allowed
"..\exinlibs\exinadjust.h", line 6: warning #9-D: nested comment is not allowed
"..\exinlibs\exinkey.h", line 6: warning #9-D: nested comment is not allowed
"..\exinlibs\exinsteer.h", line 6: warning #9-D: nested comment is not allowed
"..\exinlibs\headfile.h", line 6: warning #9-D: nested comment is not allowed
"..\exinlibs\exinHC_SR04.h", line 6: warning #9-D: nested comment is not allowed
"../exinlibs/exinADC.c", line 83: warning #112-D: statement is unreachable
"../exinlibs/exinADC.c", line 85: warning #112-D: statement is unreachable
"../exinlibs/exinADC.c", line 87: warning #112-D: statement is unreachable
"../exinlibs/exinADC.c", line 89: warning #112-D: statement is unreachable
"../exinlibs/exinADC.c", line 108: remark #1527-D: (ULP 2.1) Detected SW delay loop using empty loop. Recommend using a timer module instead
"../exinlibs/exinADC.c", line 19: remark #1534-D: (ULP 7.1) Detected use of global variable "index" within one function "ADC14_IRQHandler". Recommend placing variable in the function locally
Finished building: "../exinlibs/exinADC.c"
 
Building file: "../exinlibs/exinHC_SR04.c"
Invoking: ARM Compiler
"D:/CCS/ccs/tools/compiler/ti-cgt-arm_20.2.1.LTS/bin/armcl" -mv7M4 --code_state=16 --float_support=FPv4SPD16 -me --include_path="D:/CCS/ccs/ccs_base/arm/include" --include_path="C:/ti/msp/MSP432Ware_3_40_00_25/driverlib/driverlib/MSP432P4xx" --include_path="D:/CCS/ccs/ccs_base/arm/include/CMSIS" --include_path="D:/CCS/MSP432project/11.Exin_key" --include_path="D:/CCS/ccs/tools/compiler/ti-cgt-arm_20.2.1.LTS/include" --advice:power=all --define=__MSP432P401R__ --define=ccs -g --gcc --diag_warning=225 --diag_wrap=off --display_error_number --abi=eabi --preproc_with_compile --preproc_dependency="exinlibs/exinHC_SR04.d_raw" --obj_directory="exinlibs"  "../exinlibs/exinHC_SR04.c"
"../exinlibs/exinHC_SR04.c", line 6: warning #9-D: nested comment is not allowed
"..\exinlibs\headfile.h", line 6: warning #9-D: nested comment is not allowed
"..\exinlibs\exingpio.h", line 6: warning #9-D: nested comment is not allowed
"..\exinlibs\dat.h", line 6: warning #9-D: nested comment is not allowed
"..\exinlibs\exinpwm.h", line 6: warning #9-D: nested comment is not allowed
"..\exinlibs\exin_pit.h", line 6: warning #9-D: nested comment is not allowed
"..\exinlibs\exinADC.h", line 6: warning #9-D: nested comment is not allowed
"..\exinlibs\exinmotor.h", line 6: warning #9-D: nested comment is not allowed
"..\exinlibs\exinencoder.h", line 6: warning #9-D: nested comment is not allowed
"..\exinlibs\exinsystem.h", line 6: warning #9-D: nested comment is not allowed
"..\exinlibs\exinuart.h", line 6: warning #9-D: nested comment is not allowed
"..\exinlibs\exinadjust.h", line 6: warning #9-D: nested comment is not allowed
"..\exinlibs\exinkey.h", line 6: warning #9-D: nested comment is not allowed
"..\exinlibs\exinsteer.h", line 6: warning #9-D: nested comment is not allowed
"..\exinlibs\headfile.h", line 6: warning #9-D: nested comment is not allowed
"..\exinlibs\exinHC_SR04.h", line 6: warning #9-D: nested comment is not allowed
"../exinlibs/exinHC_SR04.c", line 28: remark #1527-D: (ULP 2.1) Detected SW delay loop using empty loop. Recommend using a timer module instead
"../exinlibs/exinHC_SR04.c", line 30: remark #1527-D: (ULP 2.1) Detected SW delay loop using empty loop. Recommend using a timer module instead
"../exinlibs/exinHC_SR04.c", line 32 (col. 13): remark #1531-D: (ULP 5.2) Detected floating point operation(s). Recommend moving them to RAM during run time or not using as these are processing/power intensive
"../exinlibs/exinHC_SR04.c", line 33 (col. 13): remark #1531-D: (ULP 5.2) Detected floating point operation(s). Recommend moving them to RAM during run time or not using as these are processing/power intensive
Finished building: "../exinlibs/exinHC_SR04.c"
 
Building file: "../exinlibs/exin_library_map_guide.c"
Invoking: ARM Compiler
"D:/CCS/ccs/tools/compiler/ti-cgt-arm_20.2.1.LTS/bin/armcl" -mv7M4 --code_state=16 --float_support=FPv4SPD16 -me --include_path="D:/CCS/ccs/ccs_base/arm/include" --include_path="C:/ti/msp/MSP432Ware_3_40_00_25/driverlib/driverlib/MSP432P4xx" --include_path="D:/CCS/ccs/ccs_base/arm/include/CMSIS" --include_path="D:/CCS/MSP432project/11.Exin_key" --include_path="D:/CCS/ccs/tools/compiler/ti-cgt-arm_20.2.1.LTS/include" --advice:power=all --define=__MSP432P401R__ --define=ccs -g --gcc --diag_warning=225 --diag_wrap=off --display_error_number --abi=eabi --preproc_with_compile --preproc_dependency="exinlibs/exin_library_map_guide.d_raw" --obj_directory="exinlibs"  "../exinlibs/exin_library_map_guide.c"
"../exinlibs/exin_library_map_guide.c", line 6: warning #9-D: nested comment is not allowed
Finished building: "../exinlibs/exin_library_map_guide.c"
 
Building file: "../exinlibs/exin_pit.c"
Invoking: ARM Compiler
"D:/CCS/ccs/tools/compiler/ti-cgt-arm_20.2.1.LTS/bin/armcl" -mv7M4 --code_state=16 --float_support=FPv4SPD16 -me --include_path="D:/CCS/ccs/ccs_base/arm/include" --include_path="C:/ti/msp/MSP432Ware_3_40_00_25/driverlib/driverlib/MSP432P4xx" --include_path="D:/CCS/ccs/ccs_base/arm/include/CMSIS" --include_path="D:/CCS/MSP432project/11.Exin_key" --include_path="D:/CCS/ccs/tools/compiler/ti-cgt-arm_20.2.1.LTS/include" --advice:power=all --define=__MSP432P401R__ --define=ccs -g --gcc --diag_warning=225 --diag_wrap=off --display_error_number --abi=eabi --preproc_with_compile --preproc_dependency="exinlibs/exin_pit.d_raw" --obj_directory="exinlibs"  "../exinlibs/exin_pit.c"
"../exinlibs/exin_pit.c", line 6: warning #9-D: nested comment is not allowed
"..\exinlibs\headfile.h", line 6: warning #9-D: nested comment is not allowed
"..\exinlibs\exingpio.h", line 6: warning #9-D: nested comment is not allowed
"..\exinlibs\dat.h", line 6: warning #9-D: nested comment is not allowed
"..\exinlibs\exinpwm.h", line 6: warning #9-D: nested comment is not allowed
"..\exinlibs\exin_pit.h", line 6: warning #9-D: nested comment is not allowed
"..\exinlibs\exinADC.h", line 6: warning #9-D: nested comment is not allowed
"..\exinlibs\exinmotor.h", line 6: warning #9-D: nested comment is not allowed
"..\exinlibs\exinencoder.h", line 6: warning #9-D: nested comment is not allowed
"..\exinlibs\exinsystem.h", line 6: warning #9-D: nested comment is not allowed
"..\exinlibs\exinuart.h", line 6: warning #9-D: nested comment is not allowed
"..\exinlibs\exinadjust.h", line 6: warning #9-D: nested comment is not allowed
"..\exinlibs\exinkey.h", line 6: warning #9-D: nested comment is not allowed
"..\exinlibs\exinsteer.h", line 6: warning #9-D: nested comment is not allowed
"..\exinlibs\headfile.h", line 6: warning #9-D: nested comment is not allowed
"..\exinlibs\exinHC_SR04.h", line 6: warning #9-D: nested comment is not allowed
Finished building: "../exinlibs/exin_pit.c"
 
Building file: "../exinlibs/exinadjust.c"
Invoking: ARM Compiler
"D:/CCS/ccs/tools/compiler/ti-cgt-arm_20.2.1.LTS/bin/armcl" -mv7M4 --code_state=16 --float_support=FPv4SPD16 -me --include_path="D:/CCS/ccs/ccs_base/arm/include" --include_path="C:/ti/msp/MSP432Ware_3_40_00_25/driverlib/driverlib/MSP432P4xx" --include_path="D:/CCS/ccs/ccs_base/arm/include/CMSIS" --include_path="D:/CCS/MSP432project/11.Exin_key" --include_path="D:/CCS/ccs/tools/compiler/ti-cgt-arm_20.2.1.LTS/include" --advice:power=all --define=__MSP432P401R__ --define=ccs -g --gcc --diag_warning=225 --diag_wrap=off --display_error_number --abi=eabi --preproc_with_compile --preproc_dependency="exinlibs/exinadjust.d_raw" --obj_directory="exinlibs"  "../exinlibs/exinadjust.c"
"../exinlibs/exinadjust.c", line 6: warning #9-D: nested comment is not allowed
"..\exinlibs\headfile.h", line 6: warning #9-D: nested comment is not allowed
"..\exinlibs\exingpio.h", line 6: warning #9-D: nested comment is not allowed
"..\exinlibs\dat.h", line 6: warning #9-D: nested comment is not allowed
"..\exinlibs\exinpwm.h", line 6: warning #9-D: nested comment is not allowed
"..\exinlibs\exin_pit.h", line 6: warning #9-D: nested comment is not allowed
"..\exinlibs\exinADC.h", line 6: warning #9-D: nested comment is not allowed
"..\exinlibs\exinmotor.h", line 6: warning #9-D: nested comment is not allowed
"..\exinlibs\exinencoder.h", line 6: warning #9-D: nested comment is not allowed
"..\exinlibs\exinsystem.h", line 6: warning #9-D: nested comment is not allowed
"..\exinlibs\exinuart.h", line 6: warning #9-D: nested comment is not allowed
"..\exinlibs\exinadjust.h", line 6: warning #9-D: nested comment is not allowed
"..\exinlibs\exinkey.h", line 6: warning #9-D: nested comment is not allowed
"..\exinlibs\exinsteer.h", line 6: warning #9-D: nested comment is not allowed
"..\exinlibs\headfile.h", line 6: warning #9-D: nested comment is not allowed
"..\exinlibs\exinHC_SR04.h", line 6: warning #9-D: nested comment is not allowed
"../exinlibs/exinadjust.c", line 121: remark #1527-D: (ULP 2.1) Detected SW delay loop using empty loop. Recommend using a timer module instead
"../exinlibs/exinadjust.c", line 159: remark #1527-D: (ULP 2.1) Detected SW delay loop using empty loop. Recommend using a timer module instead
Finished building: "../exinlibs/exinadjust.c"
 
Building file: "../exinlibs/exinencoder.c"
Invoking: ARM Compiler
"D:/CCS/ccs/tools/compiler/ti-cgt-arm_20.2.1.LTS/bin/armcl" -mv7M4 --code_state=16 --float_support=FPv4SPD16 -me --include_path="D:/CCS/ccs/ccs_base/arm/include" --include_path="C:/ti/msp/MSP432Ware_3_40_00_25/driverlib/driverlib/MSP432P4xx" --include_path="D:/CCS/ccs/ccs_base/arm/include/CMSIS" --include_path="D:/CCS/MSP432project/11.Exin_key" --include_path="D:/CCS/ccs/tools/compiler/ti-cgt-arm_20.2.1.LTS/include" --advice:power=all --define=__MSP432P401R__ --define=ccs -g --gcc --diag_warning=225 --diag_wrap=off --display_error_number --abi=eabi --preproc_with_compile --preproc_dependency="exinlibs/exinencoder.d_raw" --obj_directory="exinlibs"  "../exinlibs/exinencoder.c"
"../exinlibs/exinencoder.c", line 6: warning #9-D: nested comment is not allowed
"..\exinlibs\headfile.h", line 6: warning #9-D: nested comment is not allowed
"..\exinlibs\exingpio.h", line 6: warning #9-D: nested comment is not allowed
"..\exinlibs\dat.h", line 6: warning #9-D: nested comment is not allowed
"..\exinlibs\exinpwm.h", line 6: warning #9-D: nested comment is not allowed
"..\exinlibs\exin_pit.h", line 6: warning #9-D: nested comment is not allowed
"..\exinlibs\exinADC.h", line 6: warning #9-D: nested comment is not allowed
"..\exinlibs\exinmotor.h", line 6: warning #9-D: nested comment is not allowed
"..\exinlibs\exinencoder.h", line 6: warning #9-D: nested comment is not allowed
"..\exinlibs\exinsystem.h", line 6: warning #9-D: nested comment is not allowed
"..\exinlibs\exinuart.h", line 6: warning #9-D: nested comment is not allowed
"..\exinlibs\exinadjust.h", line 6: warning #9-D: nested comment is not allowed
"..\exinlibs\exinkey.h", line 6: warning #9-D: nested comment is not allowed
"..\exinlibs\exinsteer.h", line 6: warning #9-D: nested comment is not allowed
"..\exinlibs\headfile.h", line 6: warning #9-D: nested comment is not allowed
"..\exinlibs\exinHC_SR04.h", line 6: warning #9-D: nested comment is not allowed
"../exinlibs/exinencoder.c", line 157: warning #112-D: statement is unreachable
"../exinlibs/exinencoder.c", line 158: warning #112-D: statement is unreachable
"../exinlibs/exinencoder.c", line 159: warning #112-D: statement is unreachable
"../exinlibs/exinencoder.c", line 160: warning #112-D: statement is unreachable
"../exinlibs/exinencoder.c", line 162: warning #994-D: missing return statement at end of non-void function "GET_encoder_num"
"../exinlibs/exinencoder.c", line 178: warning #112-D: statement is unreachable
"../exinlibs/exinencoder.c", line 179: warning #112-D: statement is unreachable
"../exinlibs/exinencoder.c", line 180: warning #112-D: statement is unreachable
"../exinlibs/exinencoder.c", line 181: warning #112-D: statement is unreachable
"../exinlibs/exinencoder.c", line 183: warning #994-D: missing return statement at end of non-void function "GET_encoder_dir"
"../exinlibs/exinencoder.c", line 200: warning #121-D: return value type does not match the function type
"../exinlibs/exinencoder.c", line 200: warning #112-D: statement is unreachable
"../exinlibs/exinencoder.c", line 201: warning #121-D: return value type does not match the function type
"../exinlibs/exinencoder.c", line 201: warning #112-D: statement is unreachable
"../exinlibs/exinencoder.c", line 202: warning #121-D: return value type does not match the function type
"../exinlibs/exinencoder.c", line 202: warning #112-D: statement is unreachable
"../exinlibs/exinencoder.c", line 203: warning #121-D: return value type does not match the function type
"../exinlibs/exinencoder.c", line 203: warning #112-D: statement is unreachable
"../exinlibs/exinencoder.c", line 241: warning #169-D: argument of type "char *" is incompatible with parameter of type "unsigned char *"
"../exinlibs/exinencoder.c", line 246: warning #169-D: argument of type "char *" is incompatible with parameter of type "unsigned char *"
"../exinlibs/exinencoder.c", line 240: remark #1532-D: (ULP 5.3) Detected sprintf() operation(s). Recommend moving them to RAM during run time or not using as these are processing/power intensive
"../exinlibs/exinencoder.c", line 245: remark #1532-D: (ULP 5.3) Detected sprintf() operation(s). Recommend moving them to RAM during run time or not using as these are processing/power intensive
Finished building: "../exinlibs/exinencoder.c"
 
Building file: "../exinlibs/exingpio.c"
Invoking: ARM Compiler
"D:/CCS/ccs/tools/compiler/ti-cgt-arm_20.2.1.LTS/bin/armcl" -mv7M4 --code_state=16 --float_support=FPv4SPD16 -me --include_path="D:/CCS/ccs/ccs_base/arm/include" --include_path="C:/ti/msp/MSP432Ware_3_40_00_25/driverlib/driverlib/MSP432P4xx" --include_path="D:/CCS/ccs/ccs_base/arm/include/CMSIS" --include_path="D:/CCS/MSP432project/11.Exin_key" --include_path="D:/CCS/ccs/tools/compiler/ti-cgt-arm_20.2.1.LTS/include" --advice:power=all --define=__MSP432P401R__ --define=ccs -g --gcc --diag_warning=225 --diag_wrap=off --display_error_number --abi=eabi --preproc_with_compile --preproc_dependency="exinlibs/exingpio.d_raw" --obj_directory="exinlibs"  "../exinlibs/exingpio.c"
"../exinlibs/exingpio.c", line 6: warning #9-D: nested comment is not allowed
"..\exinlibs\headfile.h", line 6: warning #9-D: nested comment is not allowed
"..\exinlibs\exingpio.h", line 6: warning #9-D: nested comment is not allowed
"..\exinlibs\dat.h", line 6: warning #9-D: nested comment is not allowed
"..\exinlibs\exinpwm.h", line 6: warning #9-D: nested comment is not allowed
"..\exinlibs\exin_pit.h", line 6: warning #9-D: nested comment is not allowed
"..\exinlibs\exinADC.h", line 6: warning #9-D: nested comment is not allowed
"..\exinlibs\exinmotor.h", line 6: warning #9-D: nested comment is not allowed
"..\exinlibs\exinencoder.h", line 6: warning #9-D: nested comment is not allowed
"..\exinlibs\exinsystem.h", line 6: warning #9-D: nested comment is not allowed
"..\exinlibs\exinuart.h", line 6: warning #9-D: nested comment is not allowed
"..\exinlibs\exinadjust.h", line 6: warning #9-D: nested comment is not allowed
"..\exinlibs\exinkey.h", line 6: warning #9-D: nested comment is not allowed
"..\exinlibs\exinsteer.h", line 6: warning #9-D: nested comment is not allowed
"..\exinlibs\headfile.h", line 6: warning #9-D: nested comment is not allowed
"..\exinlibs\exinHC_SR04.h", line 6: warning #9-D: nested comment is not allowed
Finished building: "../exinlibs/exingpio.c"
 
Building file: "../exinlibs/exinisr.c"
Invoking: ARM Compiler
"D:/CCS/ccs/tools/compiler/ti-cgt-arm_20.2.1.LTS/bin/armcl" -mv7M4 --code_state=16 --float_support=FPv4SPD16 -me --include_path="D:/CCS/ccs/ccs_base/arm/include" --include_path="C:/ti/msp/MSP432Ware_3_40_00_25/driverlib/driverlib/MSP432P4xx" --include_path="D:/CCS/ccs/ccs_base/arm/include/CMSIS" --include_path="D:/CCS/MSP432project/11.Exin_key" --include_path="D:/CCS/ccs/tools/compiler/ti-cgt-arm_20.2.1.LTS/include" --advice:power=all --define=__MSP432P401R__ --define=ccs -g --gcc --diag_warning=225 --diag_wrap=off --display_error_number --abi=eabi --preproc_with_compile --preproc_dependency="exinlibs/exinisr.d_raw" --obj_directory="exinlibs"  "../exinlibs/exinisr.c"
"../exinlibs/exinisr.c", line 6: warning #9-D: nested comment is not allowed
"..\exinlibs\headfile.h", line 6: warning #9-D: nested comment is not allowed
"..\exinlibs\exingpio.h", line 6: warning #9-D: nested comment is not allowed
"..\exinlibs\dat.h", line 6: warning #9-D: nested comment is not allowed
"..\exinlibs\exinpwm.h", line 6: warning #9-D: nested comment is not allowed
"..\exinlibs\exin_pit.h", line 6: warning #9-D: nested comment is not allowed
"..\exinlibs\exinADC.h", line 6: warning #9-D: nested comment is not allowed
"..\exinlibs\exinmotor.h", line 6: warning #9-D: nested comment is not allowed
"..\exinlibs\exinencoder.h", line 6: warning #9-D: nested comment is not allowed
"..\exinlibs\exinsystem.h", line 6: warning #9-D: nested comment is not allowed
"..\exinlibs\exinuart.h", line 6: warning #9-D: nested comment is not allowed
"..\exinlibs\exinadjust.h", line 6: warning #9-D: nested comment is not allowed
"..\exinlibs\exinkey.h", line 6: warning #9-D: nested comment is not allowed
"..\exinlibs\exinsteer.h", line 6: warning #9-D: nested comment is not allowed
"..\exinlibs\headfile.h", line 6: warning #9-D: nested comment is not allowed
"..\exinlibs\exinHC_SR04.h", line 6: warning #9-D: nested comment is not allowed
Finished building: "../exinlibs/exinisr.c"
 
Building file: "../exinlibs/exinkey.c"
Invoking: ARM Compiler
"D:/CCS/ccs/tools/compiler/ti-cgt-arm_20.2.1.LTS/bin/armcl" -mv7M4 --code_state=16 --float_support=FPv4SPD16 -me --include_path="D:/CCS/ccs/ccs_base/arm/include" --include_path="C:/ti/msp/MSP432Ware_3_40_00_25/driverlib/driverlib/MSP432P4xx" --include_path="D:/CCS/ccs/ccs_base/arm/include/CMSIS" --include_path="D:/CCS/MSP432project/11.Exin_key" --include_path="D:/CCS/ccs/tools/compiler/ti-cgt-arm_20.2.1.LTS/include" --advice:power=all --define=__MSP432P401R__ --define=ccs -g --gcc --diag_warning=225 --diag_wrap=off --display_error_number --abi=eabi --preproc_with_compile --preproc_dependency="exinlibs/exinkey.d_raw" --obj_directory="exinlibs"  "../exinlibs/exinkey.c"
"../exinlibs/exinkey.c", line 6: warning #9-D: nested comment is not allowed
"..\exinlibs\headfile.h", line 6: warning #9-D: nested comment is not allowed
"..\exinlibs\exingpio.h", line 6: warning #9-D: nested comment is not allowed
"..\exinlibs\dat.h", line 6: warning #9-D: nested comment is not allowed
"..\exinlibs\exinpwm.h", line 6: warning #9-D: nested comment is not allowed
"..\exinlibs\exin_pit.h", line 6: warning #9-D: nested comment is not allowed
"..\exinlibs\exinADC.h", line 6: warning #9-D: nested comment is not allowed
"..\exinlibs\exinmotor.h", line 6: warning #9-D: nested comment is not allowed
"..\exinlibs\exinencoder.h", line 6: warning #9-D: nested comment is not allowed
"..\exinlibs\exinsystem.h", line 6: warning #9-D: nested comment is not allowed
"..\exinlibs\exinuart.h", line 6: warning #9-D: nested comment is not allowed
"..\exinlibs\exinadjust.h", line 6: warning #9-D: nested comment is not allowed
"..\exinlibs\exinkey.h", line 6: warning #9-D: nested comment is not allowed
"..\exinlibs\exinsteer.h", line 6: warning #9-D: nested comment is not allowed
"..\exinlibs\headfile.h", line 6: warning #9-D: nested comment is not allowed
"..\exinlibs\exinHC_SR04.h", line 6: warning #9-D: nested comment is not allowed
"../exinlibs/exinkey.c", line 71: warning #994-D: missing return statement at end of non-void function "key_get"
"../exinlibs/exinkey.c", line 86: remark #1527-D: (ULP 2.1) Detected SW delay loop using empty loop. Recommend using a timer module instead
"../exinlibs/exinkey.c", line 96: remark #1527-D: (ULP 2.1) Detected SW delay loop using empty loop. Recommend using a timer module instead
"../exinlibs/exinkey.c", line 106: remark #1527-D: (ULP 2.1) Detected SW delay loop using empty loop. Recommend using a timer module instead
"../exinlibs/exinkey.c", line 116: remark #1527-D: (ULP 2.1) Detected SW delay loop using empty loop. Recommend using a timer module instead
Finished building: "../exinlibs/exinkey.c"
 
Building file: "../exinlibs/exinmotor.c"
Invoking: ARM Compiler
"D:/CCS/ccs/tools/compiler/ti-cgt-arm_20.2.1.LTS/bin/armcl" -mv7M4 --code_state=16 --float_support=FPv4SPD16 -me --include_path="D:/CCS/ccs/ccs_base/arm/include" --include_path="C:/ti/msp/MSP432Ware_3_40_00_25/driverlib/driverlib/MSP432P4xx" --include_path="D:/CCS/ccs/ccs_base/arm/include/CMSIS" --include_path="D:/CCS/MSP432project/11.Exin_key" --include_path="D:/CCS/ccs/tools/compiler/ti-cgt-arm_20.2.1.LTS/include" --advice:power=all --define=__MSP432P401R__ --define=ccs -g --gcc --diag_warning=225 --diag_wrap=off --display_error_number --abi=eabi --preproc_with_compile --preproc_dependency="exinlibs/exinmotor.d_raw" --obj_directory="exinlibs"  "../exinlibs/exinmotor.c"
"../exinlibs/exinmotor.c", line 6: warning #9-D: nested comment is not allowed
"..\exinlibs\headfile.h", line 6: warning #9-D: nested comment is not allowed
"..\exinlibs\exingpio.h", line 6: warning #9-D: nested comment is not allowed
"..\exinlibs\dat.h", line 6: warning #9-D: nested comment is not allowed
"..\exinlibs\exinpwm.h", line 6: warning #9-D: nested comment is not allowed
"..\exinlibs\exin_pit.h", line 6: warning #9-D: nested comment is not allowed
"..\exinlibs\exinADC.h", line 6: warning #9-D: nested comment is not allowed
"..\exinlibs\exinmotor.h", line 6: warning #9-D: nested comment is not allowed
"..\exinlibs\exinencoder.h", line 6: warning #9-D: nested comment is not allowed
"..\exinlibs\exinsystem.h", line 6: warning #9-D: nested comment is not allowed
"..\exinlibs\exinuart.h", line 6: warning #9-D: nested comment is not allowed
"..\exinlibs\exinadjust.h", line 6: warning #9-D: nested comment is not allowed
"..\exinlibs\exinkey.h", line 6: warning #9-D: nested comment is not allowed
"..\exinlibs\exinsteer.h", line 6: warning #9-D: nested comment is not allowed
"..\exinlibs\headfile.h", line 6: warning #9-D: nested comment is not allowed
"..\exinlibs\exinHC_SR04.h", line 6: warning #9-D: nested comment is not allowed
"../exinlibs/exinmotor.c", line 166: remark #1527-D: (ULP 2.1) Detected SW delay loop using empty loop. Recommend using a timer module instead
Finished building: "../exinlibs/exinmotor.c"
 
Building file: "../exinlibs/exinpwm.c"
Invoking: ARM Compiler
"D:/CCS/ccs/tools/compiler/ti-cgt-arm_20.2.1.LTS/bin/armcl" -mv7M4 --code_state=16 --float_support=FPv4SPD16 -me --include_path="D:/CCS/ccs/ccs_base/arm/include" --include_path="C:/ti/msp/MSP432Ware_3_40_00_25/driverlib/driverlib/MSP432P4xx" --include_path="D:/CCS/ccs/ccs_base/arm/include/CMSIS" --include_path="D:/CCS/MSP432project/11.Exin_key" --include_path="D:/CCS/ccs/tools/compiler/ti-cgt-arm_20.2.1.LTS/include" --advice:power=all --define=__MSP432P401R__ --define=ccs -g --gcc --diag_warning=225 --diag_wrap=off --display_error_number --abi=eabi --preproc_with_compile --preproc_dependency="exinlibs/exinpwm.d_raw" --obj_directory="exinlibs"  "../exinlibs/exinpwm.c"
"../exinlibs/exinpwm.c", line 6: warning #9-D: nested comment is not allowed
"..\exinlibs\headfile.h", line 6: warning #9-D: nested comment is not allowed
"..\exinlibs\exingpio.h", line 6: warning #9-D: nested comment is not allowed
"..\exinlibs\dat.h", line 6: warning #9-D: nested comment is not allowed
"..\exinlibs\exinpwm.h", line 6: warning #9-D: nested comment is not allowed
"..\exinlibs\exin_pit.h", line 6: warning #9-D: nested comment is not allowed
"..\exinlibs\exinADC.h", line 6: warning #9-D: nested comment is not allowed
"..\exinlibs\exinmotor.h", line 6: warning #9-D: nested comment is not allowed
"..\exinlibs\exinencoder.h", line 6: warning #9-D: nested comment is not allowed
"..\exinlibs\exinsystem.h", line 6: warning #9-D: nested comment is not allowed
"..\exinlibs\exinuart.h", line 6: warning #9-D: nested comment is not allowed
"..\exinlibs\exinadjust.h", line 6: warning #9-D: nested comment is not allowed
"..\exinlibs\exinkey.h", line 6: warning #9-D: nested comment is not allowed
"..\exinlibs\exinsteer.h", line 6: warning #9-D: nested comment is not allowed
"..\exinlibs\headfile.h", line 6: warning #9-D: nested comment is not allowed
"..\exinlibs\exinHC_SR04.h", line 6: warning #9-D: nested comment is not allowed
"../exinlibs/exinpwm.c", line 38: warning #9-D: nested comment is not allowed
Finished building: "../exinlibs/exinpwm.c"
 
Building file: "../exinlibs/exinsteer.c"
Invoking: ARM Compiler
"D:/CCS/ccs/tools/compiler/ti-cgt-arm_20.2.1.LTS/bin/armcl" -mv7M4 --code_state=16 --float_support=FPv4SPD16 -me --include_path="D:/CCS/ccs/ccs_base/arm/include" --include_path="C:/ti/msp/MSP432Ware_3_40_00_25/driverlib/driverlib/MSP432P4xx" --include_path="D:/CCS/ccs/ccs_base/arm/include/CMSIS" --include_path="D:/CCS/MSP432project/11.Exin_key" --include_path="D:/CCS/ccs/tools/compiler/ti-cgt-arm_20.2.1.LTS/include" --advice:power=all --define=__MSP432P401R__ --define=ccs -g --gcc --diag_warning=225 --diag_wrap=off --display_error_number --abi=eabi --preproc_with_compile --preproc_dependency="exinlibs/exinsteer.d_raw" --obj_directory="exinlibs"  "../exinlibs/exinsteer.c"
"../exinlibs/exinsteer.c", line 6: warning #9-D: nested comment is not allowed
"..\exinlibs\headfile.h", line 6: warning #9-D: nested comment is not allowed
"..\exinlibs\exingpio.h", line 6: warning #9-D: nested comment is not allowed
"..\exinlibs\dat.h", line 6: warning #9-D: nested comment is not allowed
"..\exinlibs\exinpwm.h", line 6: warning #9-D: nested comment is not allowed
"..\exinlibs\exin_pit.h", line 6: warning #9-D: nested comment is not allowed
"..\exinlibs\exinADC.h", line 6: warning #9-D: nested comment is not allowed
"..\exinlibs\exinmotor.h", line 6: warning #9-D: nested comment is not allowed
"..\exinlibs\exinencoder.h", line 6: warning #9-D: nested comment is not allowed
"..\exinlibs\exinsystem.h", line 6: warning #9-D: nested comment is not allowed
"..\exinlibs\exinuart.h", line 6: warning #9-D: nested comment is not allowed
"..\exinlibs\exinadjust.h", line 6: warning #9-D: nested comment is not allowed
"..\exinlibs\exinkey.h", line 6: warning #9-D: nested comment is not allowed
"..\exinlibs\exinsteer.h", line 6: warning #9-D: nested comment is not allowed
"..\exinlibs\headfile.h", line 6: warning #9-D: nested comment is not allowed
"..\exinlibs\exinHC_SR04.h", line 6: warning #9-D: nested comment is not allowed
"../exinlibs/exinsteer.c", line 67: warning #994-D: missing return statement at end of non-void function "steer_limit"
"../exinlibs/exinsteer.c", line 126: remark #1527-D: (ULP 2.1) Detected SW delay loop using empty loop. Recommend using a timer module instead
"../exinlibs/exinsteer.c", line 135: remark #1527-D: (ULP 2.1) Detected SW delay loop using empty loop. Recommend using a timer module instead
"../exinlibs/exinsteer.c", line 142: remark #1527-D: (ULP 2.1) Detected SW delay loop using empty loop. Recommend using a timer module instead
"../exinlibs/exinsteer.c", line 149: remark #1527-D: (ULP 2.1) Detected SW delay loop using empty loop. Recommend using a timer module instead
"../exinlibs/exinsteer.c", line 159: remark #1527-D: (ULP 2.1) Detected SW delay loop using empty loop. Recommend using a timer module instead
"../exinlibs/exinsteer.c", line 166: remark #1527-D: (ULP 2.1) Detected SW delay loop using empty loop. Recommend using a timer module instead
"../exinlibs/exinsteer.c", line 173: remark #1527-D: (ULP 2.1) Detected SW delay loop using empty loop. Recommend using a timer module instead
Finished building: "../exinlibs/exinsteer.c"
 
Building file: "../exinlibs/exinsystem.c"
Invoking: ARM Compiler
"D:/CCS/ccs/tools/compiler/ti-cgt-arm_20.2.1.LTS/bin/armcl" -mv7M4 --code_state=16 --float_support=FPv4SPD16 -me --include_path="D:/CCS/ccs/ccs_base/arm/include" --include_path="C:/ti/msp/MSP432Ware_3_40_00_25/driverlib/driverlib/MSP432P4xx" --include_path="D:/CCS/ccs/ccs_base/arm/include/CMSIS" --include_path="D:/CCS/MSP432project/11.Exin_key" --include_path="D:/CCS/ccs/tools/compiler/ti-cgt-arm_20.2.1.LTS/include" --advice:power=all --define=__MSP432P401R__ --define=ccs -g --gcc --diag_warning=225 --diag_wrap=off --display_error_number --abi=eabi --preproc_with_compile --preproc_dependency="exinlibs/exinsystem.d_raw" --obj_directory="exinlibs"  "../exinlibs/exinsystem.c"
"../exinlibs/exinsystem.c", line 6: warning #9-D: nested comment is not allowed
"..\exinlibs\headfile.h", line 6: warning #9-D: nested comment is not allowed
"..\exinlibs\exingpio.h", line 6: warning #9-D: nested comment is not allowed
"..\exinlibs\dat.h", line 6: warning #9-D: nested comment is not allowed
"..\exinlibs\exinpwm.h", line 6: warning #9-D: nested comment is not allowed
"..\exinlibs\exin_pit.h", line 6: warning #9-D: nested comment is not allowed
"..\exinlibs\exinADC.h", line 6: warning #9-D: nested comment is not allowed
"..\exinlibs\exinmotor.h", line 6: warning #9-D: nested comment is not allowed
"..\exinlibs\exinencoder.h", line 6: warning #9-D: nested comment is not allowed
"..\exinlibs\exinsystem.h", line 6: warning #9-D: nested comment is not allowed
"..\exinlibs\exinuart.h", line 6: warning #9-D: nested comment is not allowed
"..\exinlibs\exinadjust.h", line 6: warning #9-D: nested comment is not allowed
"..\exinlibs\exinkey.h", line 6: warning #9-D: nested comment is not allowed
"..\exinlibs\exinsteer.h", line 6: warning #9-D: nested comment is not allowed
"..\exinlibs\headfile.h", line 6: warning #9-D: nested comment is not allowed
"..\exinlibs\exinHC_SR04.h", line 6: warning #9-D: nested comment is not allowed
"../exinlibs/exinsystem.c", line 29: remark #1527-D: (ULP 2.1) Detected SW delay loop using empty loop. Recommend using a timer module instead
"../exinlibs/exinsystem.c", line 47: remark #1528-D: (ULP 3.1) Detected flag polling using PCM_CTL1_PMR_BUSY. Recommend using an interrupt combined with enter LPMx and ISR
"../exinlibs/exinsystem.c", line 49: remark #1528-D: (ULP 3.1) Detected flag polling using PCM_CTL1_PMR_BUSY. Recommend using an interrupt combined with enter LPMx and ISR
"../exinlibs/exinsystem.c", line 194: remark #1527-D: (ULP 2.1) Detected SW delay loop using empty loop. Recommend using a timer module instead
"../exinlibs/exinsystem.c", line 138 (col. 12): remark #1531-D: (ULP 5.2) Detected floating point operation(s). Recommend moving them to RAM during run time or not using as these are processing/power intensive
Finished building: "../exinlibs/exinsystem.c"
 
Building file: "../exinlibs/exinuart.c"
Invoking: ARM Compiler
"D:/CCS/ccs/tools/compiler/ti-cgt-arm_20.2.1.LTS/bin/armcl" -mv7M4 --code_state=16 --float_support=FPv4SPD16 -me --include_path="D:/CCS/ccs/ccs_base/arm/include" --include_path="C:/ti/msp/MSP432Ware_3_40_00_25/driverlib/driverlib/MSP432P4xx" --include_path="D:/CCS/ccs/ccs_base/arm/include/CMSIS" --include_path="D:/CCS/MSP432project/11.Exin_key" --include_path="D:/CCS/ccs/tools/compiler/ti-cgt-arm_20.2.1.LTS/include" --advice:power=all --define=__MSP432P401R__ --define=ccs -g --gcc --diag_warning=225 --diag_wrap=off --display_error_number --abi=eabi --preproc_with_compile --preproc_dependency="exinlibs/exinuart.d_raw" --obj_directory="exinlibs"  "../exinlibs/exinuart.c"
"../exinlibs/exinuart.c", line 6: warning #9-D: nested comment is not allowed
"..\exinlibs\headfile.h", line 6: warning #9-D: nested comment is not allowed
"..\exinlibs\exingpio.h", line 6: warning #9-D: nested comment is not allowed
"..\exinlibs\dat.h", line 6: warning #9-D: nested comment is not allowed
"..\exinlibs\exinpwm.h", line 6: warning #9-D: nested comment is not allowed
"..\exinlibs\exin_pit.h", line 6: warning #9-D: nested comment is not allowed
"..\exinlibs\exinADC.h", line 6: warning #9-D: nested comment is not allowed
"..\exinlibs\exinmotor.h", line 6: warning #9-D: nested comment is not allowed
"..\exinlibs\exinencoder.h", line 6: warning #9-D: nested comment is not allowed
"..\exinlibs\exinsystem.h", line 6: warning #9-D: nested comment is not allowed
"..\exinlibs\exinuart.h", line 6: warning #9-D: nested comment is not allowed
"..\exinlibs\exinadjust.h", line 6: warning #9-D: nested comment is not allowed
"..\exinlibs\exinkey.h", line 6: warning #9-D: nested comment is not allowed
"..\exinlibs\exinsteer.h", line 6: warning #9-D: nested comment is not allowed
"..\exinlibs\headfile.h", line 6: warning #9-D: nested comment is not allowed
"..\exinlibs\exinHC_SR04.h", line 6: warning #9-D: nested comment is not allowed
Finished building: "../exinlibs/exinuart.c"
 
Building file: "../exinlibs/serial.c"
Invoking: ARM Compiler
"D:/CCS/ccs/tools/compiler/ti-cgt-arm_20.2.1.LTS/bin/armcl" -mv7M4 --code_state=16 --float_support=FPv4SPD16 -me --include_path="D:/CCS/ccs/ccs_base/arm/include" --include_path="C:/ti/msp/MSP432Ware_3_40_00_25/driverlib/driverlib/MSP432P4xx" --include_path="D:/CCS/ccs/ccs_base/arm/include/CMSIS" --include_path="D:/CCS/MSP432project/11.Exin_key" --include_path="D:/CCS/ccs/tools/compiler/ti-cgt-arm_20.2.1.LTS/include" --advice:power=all --define=__MSP432P401R__ --define=ccs -g --gcc --diag_warning=225 --diag_wrap=off --display_error_number --abi=eabi --preproc_with_compile --preproc_dependency="exinlibs/serial.d_raw" --obj_directory="exinlibs"  "../exinlibs/serial.c"
"../exinlibs/serial.c", line 6: warning #9-D: nested comment is not allowed
"..\exinlibs\headfile.h", line 6: warning #9-D: nested comment is not allowed
"..\exinlibs\exingpio.h", line 6: warning #9-D: nested comment is not allowed
"..\exinlibs\dat.h", line 6: warning #9-D: nested comment is not allowed
"..\exinlibs\exinpwm.h", line 6: warning #9-D: nested comment is not allowed
"..\exinlibs\exin_pit.h", line 6: warning #9-D: nested comment is not allowed
"..\exinlibs\exinADC.h", line 6: warning #9-D: nested comment is not allowed
"..\exinlibs\exinmotor.h", line 6: warning #9-D: nested comment is not allowed
"..\exinlibs\exinencoder.h", line 6: warning #9-D: nested comment is not allowed
"..\exinlibs\exinsystem.h", line 6: warning #9-D: nested comment is not allowed
"..\exinlibs\exinuart.h", line 6: warning #9-D: nested comment is not allowed
"..\exinlibs\exinadjust.h", line 6: warning #9-D: nested comment is not allowed
"..\exinlibs\exinkey.h", line 6: warning #9-D: nested comment is not allowed
"..\exinlibs\exinsteer.h", line 6: warning #9-D: nested comment is not allowed
"..\exinlibs\headfile.h", line 6: warning #9-D: nested comment is not allowed
"..\exinlibs\exinHC_SR04.h", line 6: warning #9-D: nested comment is not allowed
"..\exinlibs\serial.h", line 6: warning #9-D: nested comment is not allowed
"../exinlibs/serial.c", line 26: warning #225-D: function "ADS_RCV_GetString" declared implicitly
"../exinlibs/serial.c", line 25: remark #2624-D: (ULP 5.4) Detected an assignment to a type with size less than int. To avoid unnecessary sign extension, use int-sized types for local varaibles and convert to smaller types for static storage.
"../exinlibs/serial.c", line 26: remark #2624-D: (ULP 5.4) Detected an assignment to a type with size less than int. To avoid unnecessary sign extension, use int-sized types for local varaibles and convert to smaller types for static storage.
"../exinlibs/serial.c", line 27: remark #2624-D: (ULP 5.4) Detected an assignment to a type with size less than int. To avoid unnecessary sign extension, use int-sized types for local varaibles and convert to smaller types for static storage.
"../exinlibs/serial.c", line 28: remark #2624-D: (ULP 5.4) Detected an assignment to a type with size less than int. To avoid unnecessary sign extension, use int-sized types for local varaibles and convert to smaller types for static storage.
"../exinlibs/serial.c", line 29: remark #2624-D: (ULP 5.4) Detected an assignment to a type with size less than int. To avoid unnecessary sign extension, use int-sized types for local varaibles and convert to smaller types for static storage.
"../exinlibs/serial.c", line 63: remark #2624-D: (ULP 5.4) Detected an assignment to a type with size less than int. To avoid unnecessary sign extension, use int-sized types for local varaibles and convert to smaller types for static storage.
"../exinlibs/serial.c", line 152: remark #2624-D: (ULP 5.4) Detected an assignment to a type with size less than int. To avoid unnecessary sign extension, use int-sized types for local varaibles and convert to smaller types for static storage.
Finished building: "../exinlibs/serial.c"
 
Building file: "../exinlibs/oled.c"
Invoking: ARM Compiler
"D:/CCS/ccs/tools/compiler/ti-cgt-arm_20.2.1.LTS/bin/armcl" -mv7M4 --code_state=16 --float_support=FPv4SPD16 -me --include_path="D:/CCS/ccs/ccs_base/arm/include" --include_path="C:/ti/msp/MSP432Ware_3_40_00_25/driverlib/driverlib/MSP432P4xx" --include_path="D:/CCS/ccs/ccs_base/arm/include/CMSIS" --include_path="D:/CCS/MSP432project/11.Exin_key" --include_path="D:/CCS/ccs/tools/compiler/ti-cgt-arm_20.2.1.LTS/include" --advice:power=all --define=__MSP432P401R__ --define=ccs -g --gcc --diag_warning=225 --diag_wrap=off --display_error_number --abi=eabi --preproc_with_compile --preproc_dependency="exinlibs/oled.d_raw" --obj_directory="exinlibs"  "../exinlibs/oled.c"
"..\exinlibs\headfile.h", line 6: warning #9-D: nested comment is not allowed
"..\exinlibs\exingpio.h", line 6: warning #9-D: nested comment is not allowed
"..\exinlibs\dat.h", line 6: warning #9-D: nested comment is not allowed
"..\exinlibs\exinpwm.h", line 6: warning #9-D: nested comment is not allowed
"..\exinlibs\exin_pit.h", line 6: warning #9-D: nested comment is not allowed
"..\exinlibs\exinADC.h", line 6: warning #9-D: nested comment is not allowed
"..\exinlibs\exinmotor.h", line 6: warning #9-D: nested comment is not allowed
"..\exinlibs\exinencoder.h", line 6: warning #9-D: nested comment is not allowed
"..\exinlibs\exinsystem.h", line 6: warning #9-D: nested comment is not allowed
"..\exinlibs\exinuart.h", line 6: warning #9-D: nested comment is not allowed
"..\exinlibs\exinadjust.h", line 6: warning #9-D: nested comment is not allowed
"..\exinlibs\exinkey.h", line 6: warning #9-D: nested comment is not allowed
"..\exinlibs\exinsteer.h", line 6: warning #9-D: nested comment is not allowed
"..\exinlibs\headfile.h", line 6: warning #9-D: nested comment is not allowed
"..\exinlibs\exinHC_SR04.h", line 6: warning #9-D: nested comment is not allowed
"../exinlibs/oled.c", line 80: warning #9-D: nested comment is not allowed
"../exinlibs/oled.c", line 137: remark #2624-D: (ULP 5.4) Detected an assignment to a type with size less than int. To avoid unnecessary sign extension, use int-sized types for local varaibles and convert to smaller types for static storage.
"../exinlibs/oled.c", line 127: remark #2624-D: (ULP 5.4) Detected an assignment to a type with size less than int. To avoid unnecessary sign extension, use int-sized types for local varaibles and convert to smaller types for static storage.
"../exinlibs/oled.c", line 176: remark #2624-D: (ULP 5.4) Detected an assignment to a type with size less than int. To avoid unnecessary sign extension, use int-sized types for local varaibles and convert to smaller types for static storage.
"../exinlibs/oled.c", line 171: remark #2624-D: (ULP 5.4) Detected an assignment to a type with size less than int. To avoid unnecessary sign extension, use int-sized types for local varaibles and convert to smaller types for static storage.
"../exinlibs/oled.c", line 189: remark #2624-D: (ULP 5.4) Detected an assignment to a type with size less than int. To avoid unnecessary sign extension, use int-sized types for local varaibles and convert to smaller types for static storage.
"../exinlibs/oled.c", line 193: remark #2624-D: (ULP 5.4) Detected an assignment to a type with size less than int. To avoid unnecessary sign extension, use int-sized types for local varaibles and convert to smaller types for static storage.
"../exinlibs/oled.c", line 198: remark #2624-D: (ULP 5.4) Detected an assignment to a type with size less than int. To avoid unnecessary sign extension, use int-sized types for local varaibles and convert to smaller types for static storage.
"../exinlibs/oled.c", line 201: remark #2624-D: (ULP 5.4) Detected an assignment to a type with size less than int. To avoid unnecessary sign extension, use int-sized types for local varaibles and convert to smaller types for static storage.
"../exinlibs/oled.c", line 207: remark #2624-D: (ULP 5.4) Detected an assignment to a type with size less than int. To avoid unnecessary sign extension, use int-sized types for local varaibles and convert to smaller types for static storage.
"../exinlibs/oled.c", line 215: remark #2624-D: (ULP 5.4) Detected an assignment to a type with size less than int. To avoid unnecessary sign extension, use int-sized types for local varaibles and convert to smaller types for static storage.
"../exinlibs/oled.c", line 231: remark #2624-D: (ULP 5.4) Detected an assignment to a type with size less than int. To avoid unnecessary sign extension, use int-sized types for local varaibles and convert to smaller types for static storage.
"../exinlibs/oled.c", line 229: remark #2624-D: (ULP 5.4) Detected an assignment to a type with size less than int. To avoid unnecessary sign extension, use int-sized types for local varaibles and convert to smaller types for static storage.
"../exinlibs/oled.c", line 248: warning #169-D: argument of type "unsigned char *" is incompatible with parameter of type "char *__restrict__"
"../exinlibs/oled.c", line 248: remark #1532-D: (ULP 5.3) Detected sprintf() operation(s). Recommend moving them to RAM during run time or not using as these are processing/power intensive
"../exinlibs/oled.c", line 258: remark #2624-D: (ULP 5.4) Detected an assignment to a type with size less than int. To avoid unnecessary sign extension, use int-sized types for local varaibles and convert to smaller types for static storage.
"../exinlibs/oled.c", line 262: remark #2624-D: (ULP 5.4) Detected an assignment to a type with size less than int. To avoid unnecessary sign extension, use int-sized types for local varaibles and convert to smaller types for static storage.
"../exinlibs/oled.c", line 264: remark #2624-D: (ULP 5.4) Detected an assignment to a type with size less than int. To avoid unnecessary sign extension, use int-sized types for local varaibles and convert to smaller types for static storage.
"../exinlibs/oled.c", line 275: remark #2624-D: (ULP 5.4) Detected an assignment to a type with size less than int. To avoid unnecessary sign extension, use int-sized types for local varaibles and convert to smaller types for static storage.
"../exinlibs/oled.c", line 272: remark #2624-D: (ULP 5.4) Detected an assignment to a type with size less than int. To avoid unnecessary sign extension, use int-sized types for local varaibles and convert to smaller types for static storage.
"../exinlibs/oled.c", line 281: remark #2624-D: (ULP 5.4) Detected an assignment to a type with size less than int. To avoid unnecessary sign extension, use int-sized types for local varaibles and convert to smaller types for static storage.
"../exinlibs/oled.c", line 278: remark #2624-D: (ULP 5.4) Detected an assignment to a type with size less than int. To avoid unnecessary sign extension, use int-sized types for local varaibles and convert to smaller types for static storage.
"../exinlibs/oled.c", line 291: remark #2624-D: (ULP 5.4) Detected an assignment to a type with size less than int. To avoid unnecessary sign extension, use int-sized types for local varaibles and convert to smaller types for static storage.
"../exinlibs/oled.c", line 293: remark #2624-D: (ULP 5.4) Detected an assignment to a type with size less than int. To avoid unnecessary sign extension, use int-sized types for local varaibles and convert to smaller types for static storage.
"../exinlibs/oled.c", line 297: remark #2624-D: (ULP 5.4) Detected an assignment to a type with size less than int. To avoid unnecessary sign extension, use int-sized types for local varaibles and convert to smaller types for static storage.
"../exinlibs/oled.c", line 294: remark #2624-D: (ULP 5.4) Detected an assignment to a type with size less than int. To avoid unnecessary sign extension, use int-sized types for local varaibles and convert to smaller types for static storage.
"../exinlibs/oled.c", line 248 (col. 12): remark #1531-D: (ULP 5.2) Detected floating point operation(s). Recommend moving them to RAM during run time or not using as these are processing/power intensive
Finished building: "../exinlibs/oled.c"
 
Building target: "11.Exin_key.out"
Invoking: ARM Linker
"D:/CCS/ccs/tools/compiler/ti-cgt-arm_20.2.1.LTS/bin/armcl" -mv7M4 --code_state=16 --float_support=FPv4SPD16 -me --advice:power=all --define=__MSP432P401R__ --define=ccs -g --gcc --diag_warning=225 --diag_wrap=off --display_error_number --abi=eabi -z -m"11.Exin_key.map" --heap_size=1024 --stack_size=512 -i"D:/CCS/ccs/ccs_base/arm/include" -i"D:/CCS/ccs/tools/compiler/ti-cgt-arm_20.2.1.LTS/lib" -i"D:/CCS/ccs/tools/compiler/ti-cgt-arm_20.2.1.LTS/include" --reread_libs --diag_wrap=off --display_error_number --warn_sections --xml_link_info="11.Exin_key_linkInfo.xml" --rom_model -o "11.Exin_key.out" "./main.obj" "./startup_msp432p401r_ccs.obj" "./system_msp432p401r.obj" "./exinlibs/ADS1292.obj" "./exinlibs/ADS_RCV.obj" "./exinlibs/LMT70RD.obj" "./exinlibs/OV_RCV.obj" "./exinlibs/Oscill_OLED.obj" "./exinlibs/exinADC.obj" "./exinlibs/exinHC_SR04.obj" "./exinlibs/exin_library_map_guide.obj" "./exinlibs/exin_pit.obj" "./exinlibs/exinadjust.obj" "./exinlibs/exinencoder.obj" "./exinlibs/exingpio.obj" "./exinlibs/exinisr.obj" "./exinlibs/exinkey.obj" "./exinlibs/exinmotor.obj" "./exinlibs/exinpwm.obj" "./exinlibs/exinsteer.obj" "./exinlibs/exinsystem.obj" "./exinlibs/exinuart.obj" "./exinlibs/oled.obj" "./exinlibs/serial.obj" "../msp432p401r.cmd"  -llibc.a -l"C:/ti/msp/MSP432Ware_3_40_00_25/driverlib/driverlib/MSP432P4xx/ccs/msp432p4xx_driverlib.lib" 
<Linking>
remark #10371-D: (ULP 1.1) Detected no uses of low power mode state changing instructions
remark #10372-D: (ULP 4.1) Detected uninitialized Port 1 in this project. Recommend initializing all unused ports to eliminate wasted current consumption on unused pins.
remark #10372-D: (ULP 4.1) Detected uninitialized Port 2 in this project. Recommend initializing all unused ports to eliminate wasted current consumption on unused pins.
remark #10372-D: (ULP 4.1) Detected uninitialized Port 3 in this project. Recommend initializing all unused ports to eliminate wasted current consumption on unused pins.
remark #10372-D: (ULP 4.1) Detected uninitialized Port 4 in this project. Recommend initializing all unused ports to eliminate wasted current consumption on unused pins.
remark #10372-D: (ULP 4.1) Detected uninitialized Port 5 in this project. Recommend initializing all unused ports to eliminate wasted current consumption on unused pins.
remark #10372-D: (ULP 4.1) Detected uninitialized Port 6 in this project. Recommend initializing all unused ports to eliminate wasted current consumption on unused pins.
remark #10372-D: (ULP 4.1) Detected uninitialized Port 7 in this project. Recommend initializing all unused ports to eliminate wasted current consumption on unused pins.
remark #10372-D: (ULP 4.1) Detected uninitialized Port 8 in this project. Recommend initializing all unused ports to eliminate wasted current consumption on unused pins.
remark #10372-D: (ULP 4.1) Detected uninitialized Port 9 in this project. Recommend initializing all unused ports to eliminate wasted current consumption on unused pins.
remark #10372-D: (ULP 4.1) Detected uninitialized Port 10 in this project. Recommend initializing all unused ports to eliminate wasted current consumption on unused pins.
Finished building target: "11.Exin_key.out"
 

**** Build Finished ****
