
**** Build of configuration Debug for project 16.Exin_IIC ****

"D:\\CCS\\ccs\\utils\\bin\\gmake" -k -j 8 all -O 
 
Building file: "../main.c"
Invoking: ARM Compiler
"D:/CCS/ccs/tools/compiler/ti-cgt-arm_20.2.1.LTS/bin/armcl" -mv7M4 --code_state=16 --float_support=FPv4SPD16 -me --include_path="D:/CCS/ccs/ccs_base/arm/include" --include_path="C:/ti/msp/MSP432Ware_3_40_00_25/driverlib/driverlib/MSP432P4xx" --include_path="D:/CCS/ccs/ccs_base/arm/include/CMSIS" --include_path="D:/CCS/MSP432project/16.Exin_IIC" --include_path="D:/CCS/ccs/tools/compiler/ti-cgt-arm_20.2.1.LTS/include" --advice:power=all --define=__MSP432P401R__ --define=ccs -g --gcc --diag_warning=225 --diag_wrap=off --display_error_number --abi=eabi --preproc_with_compile --preproc_dependency="main.d_raw"  "../main.c"
"..\exinlibs\headfile.h", line 6: warning #9-D: nested comment is not allowed
"..\exinlibs\exingpio.h", line 6: warning #9-D: nested comment is not allowed
"..\exinlibs\dat.h", line 6: warning #9-D: nested comment is not allowed
"..\exinlibs\exinpwm.h", line 6: warning #9-D: nested comment is not allowed
"..\exinlibs\exin_pit.h", line 6: warning #9-D: nested comment is not allowed
"..\exinlibs\exinADC.h", line 6: warning #9-D: nested comment is not allowed
"..\exinlibs\exinmotor.h", line 6: warning #9-D: nested comment is not allowed
"..\exinlibs\exinencoder.h", line 6: warning #9-D: nested comment is not allowed
"..\exinlibs\exinsystem.h", line 6: warning #9-D: nested comment is not allowed
"..\exinlibs\exinuart.h", line 6: warning #9-D: nested comment is not allowed
"..\exinlibs\exinadjust.h", line 6: warning #9-D: nested comment is not allowed
"..\exinlibs\exinkey.h", line 6: warning #9-D: nested comment is not allowed
"..\exinlibs\exinsteer.h", line 6: warning #9-D: nested comment is not allowed
"..\exinlibs\headfile.h", line 6: warning #9-D: nested comment is not allowed
"..\exinlibs\exinHC_SR04.h", line 6: warning #9-D: nested comment is not allowed
"../main.c", line 14: remark #2624-D: (ULP 5.4) Detected an assignment to a type with size less than int. To avoid unnecessary sign extension, use int-sized types for local varaibles and convert to smaller types for static storage.
"../main.c", line 14: remark #2624-D: (ULP 5.4) Detected an assignment to a type with size less than int. To avoid unnecessary sign extension, use int-sized types for local varaibles and convert to smaller types for static storage.
Finished building: "../main.c"
 
Building file: "../exinlibs/exinIIC.c"
Invoking: ARM Compiler
"D:/CCS/ccs/tools/compiler/ti-cgt-arm_20.2.1.LTS/bin/armcl" -mv7M4 --code_state=16 --float_support=FPv4SPD16 -me --include_path="D:/CCS/ccs/ccs_base/arm/include" --include_path="C:/ti/msp/MSP432Ware_3_40_00_25/driverlib/driverlib/MSP432P4xx" --include_path="D:/CCS/ccs/ccs_base/arm/include/CMSIS" --include_path="D:/CCS/MSP432project/16.Exin_IIC" --include_path="D:/CCS/ccs/tools/compiler/ti-cgt-arm_20.2.1.LTS/include" --advice:power=all --define=__MSP432P401R__ --define=ccs -g --gcc --diag_warning=225 --diag_wrap=off --display_error_number --abi=eabi --preproc_with_compile --preproc_dependency="exinlibs/exinIIC.d_raw" --obj_directory="exinlibs"  "../exinlibs/exinIIC.c"
"..\exinlibs\headfile.h", line 6: warning #9-D: nested comment is not allowed
"..\exinlibs\exingpio.h", line 6: warning #9-D: nested comment is not allowed
"..\exinlibs\dat.h", line 6: warning #9-D: nested comment is not allowed
"..\exinlibs\exinpwm.h", line 6: warning #9-D: nested comment is not allowed
"..\exinlibs\exin_pit.h", line 6: warning #9-D: nested comment is not allowed
"..\exinlibs\exinADC.h", line 6: warning #9-D: nested comment is not allowed
"..\exinlibs\exinmotor.h", line 6: warning #9-D: nested comment is not allowed
"..\exinlibs\exinencoder.h", line 6: warning #9-D: nested comment is not allowed
"..\exinlibs\exinsystem.h", line 6: warning #9-D: nested comment is not allowed
"..\exinlibs\exinuart.h", line 6: warning #9-D: nested comment is not allowed
"..\exinlibs\exinadjust.h", line 6: warning #9-D: nested comment is not allowed
"..\exinlibs\exinkey.h", line 6: warning #9-D: nested comment is not allowed
"..\exinlibs\exinsteer.h", line 6: warning #9-D: nested comment is not allowed
"..\exinlibs\headfile.h", line 6: warning #9-D: nested comment is not allowed
"..\exinlibs\exinHC_SR04.h", line 6: warning #9-D: nested comment is not allowed
"../exinlibs/exinIIC.c", line 70: remark #2624-D: (ULP 5.4) Detected an assignment to a type with size less than int. To avoid unnecessary sign extension, use int-sized types for local varaibles and convert to smaller types for static storage.
"../exinlibs/exinIIC.c", line 102: remark #2624-D: (ULP 5.4) Detected an assignment to a type with size less than int. To avoid unnecessary sign extension, use int-sized types for local varaibles and convert to smaller types for static storage.
"../exinlibs/exinIIC.c", line 87: remark #2624-D: (ULP 5.4) Detected an assignment to a type with size less than int. To avoid unnecessary sign extension, use int-sized types for local varaibles and convert to smaller types for static storage.
"../exinlibs/exinIIC.c", line 117: remark #2624-D: (ULP 5.4) Detected an assignment to a type with size less than int. To avoid unnecessary sign extension, use int-sized types for local varaibles and convert to smaller types for static storage.
"../exinlibs/exinIIC.c", line 120: remark #2624-D: (ULP 5.4) Detected an assignment to a type with size less than int. To avoid unnecessary sign extension, use int-sized types for local varaibles and convert to smaller types for static storage.
"../exinlibs/exinIIC.c", line 124: remark #2624-D: (ULP 5.4) Detected an assignment to a type with size less than int. To avoid unnecessary sign extension, use int-sized types for local varaibles and convert to smaller types for static storage.
"../exinlibs/exinIIC.c", line 112: remark #2624-D: (ULP 5.4) Detected an assignment to a type with size less than int. To avoid unnecessary sign extension, use int-sized types for local varaibles and convert to smaller types for static storage.
Finished building: "../exinlibs/exinIIC.c"
 
Building target: "16.Exin_IIC.out"
Invoking: ARM Linker
"D:/CCS/ccs/tools/compiler/ti-cgt-arm_20.2.1.LTS/bin/armcl" -mv7M4 --code_state=16 --float_support=FPv4SPD16 -me --advice:power=all --define=__MSP432P401R__ --define=ccs -g --gcc --diag_warning=225 --diag_wrap=off --display_error_number --abi=eabi -z -m"16.Exin_IIC.map" --heap_size=1024 --stack_size=512 -i"D:/CCS/ccs/ccs_base/arm/include" -i"D:/CCS/ccs/tools/compiler/ti-cgt-arm_20.2.1.LTS/lib" -i"D:/CCS/ccs/tools/compiler/ti-cgt-arm_20.2.1.LTS/include" --reread_libs --diag_wrap=off --display_error_number --warn_sections --xml_link_info="16.Exin_IIC_linkInfo.xml" --rom_model -o "16.Exin_IIC.out" "./main.obj" "./startup_msp432p401r_ccs.obj" "./system_msp432p401r.obj" "./exinlibs/ADS1292.obj" "./exinlibs/ADS_RCV.obj" "./exinlibs/LMT70RD.obj" "./exinlibs/OV_RCV.obj" "./exinlibs/Oscill_OLED.obj" "./exinlibs/exinADC.obj" "./exinlibs/exinHC_SR04.obj" "./exinlibs/exinIIC.obj" "./exinlibs/exin_library_map_guide.obj" "./exinlibs/exin_pit.obj" "./exinlibs/exinadjust.obj" "./exinlibs/exinencoder.obj" "./exinlibs/exingpio.obj" "./exinlibs/exinisr.obj" "./exinlibs/exinkey.obj" "./exinlibs/exinmotor.obj" "./exinlibs/exinpwm.obj" "./exinlibs/exinsteer.obj" "./exinlibs/exinsystem.obj" "./exinlibs/exinuart.obj" "./exinlibs/oled.obj" "./exinlibs/serial.obj" "../msp432p401r.cmd"  -llibc.a -l"C:/ti/msp/MSP432Ware_3_40_00_25/driverlib/driverlib/MSP432P4xx/ccs/msp432p4xx_driverlib.lib" 
<Linking>
remark #10371-D: (ULP 1.1) Detected no uses of low power mode state changing instructions
remark #10372-D: (ULP 4.1) Detected uninitialized Port 1 in this project. Recommend initializing all unused ports to eliminate wasted current consumption on unused pins.
remark #10372-D: (ULP 4.1) Detected uninitialized Port 2 in this project. Recommend initializing all unused ports to eliminate wasted current consumption on unused pins.
remark #10372-D: (ULP 4.1) Detected uninitialized Port 3 in this project. Recommend initializing all unused ports to eliminate wasted current consumption on unused pins.
remark #10372-D: (ULP 4.1) Detected uninitialized Port 4 in this project. Recommend initializing all unused ports to eliminate wasted current consumption on unused pins.
remark #10372-D: (ULP 4.1) Detected uninitialized Port 5 in this project. Recommend initializing all unused ports to eliminate wasted current consumption on unused pins.
remark #10372-D: (ULP 4.1) Detected uninitialized Port 6 in this project. Recommend initializing all unused ports to eliminate wasted current consumption on unused pins.
remark #10372-D: (ULP 4.1) Detected uninitialized Port 7 in this project. Recommend initializing all unused ports to eliminate wasted current consumption on unused pins.
remark #10372-D: (ULP 4.1) Detected uninitialized Port 8 in this project. Recommend initializing all unused ports to eliminate wasted current consumption on unused pins.
remark #10372-D: (ULP 4.1) Detected uninitialized Port 9 in this project. Recommend initializing all unused ports to eliminate wasted current consumption on unused pins.
remark #10372-D: (ULP 4.1) Detected uninitialized Port 10 in this project. Recommend initializing all unused ports to eliminate wasted current consumption on unused pins.
Finished building target: "16.Exin_IIC.out"
 

**** Build Finished ****
