
**** Build of configuration Debug for project 17.Exin_U6050 ****

"D:\\CCS\\ccs\\utils\\bin\\gmake" -k -j 8 all -O 
 
Building file: "../main.c"
Invoking: ARM Compiler
"D:/CCS/ccs/tools/compiler/ti-cgt-arm_20.2.1.LTS/bin/armcl" -mv7M4 --code_state=16 --float_support=FPv4SPD16 -me --include_path="D:/CCS/ccs/ccs_base/arm/include" --include_path="C:/ti/msp/MSP432Ware_3_40_00_25/driverlib/driverlib/MSP432P4xx" --include_path="D:/CCS/ccs/ccs_base/arm/include/CMSIS" --include_path="D:/CCS/MSP432project/17.Exin_U6050" --include_path="D:/CCS/ccs/tools/compiler/ti-cgt-arm_20.2.1.LTS/include" --advice:power=all --define=__MSP432P401R__ --define=ccs -g --gcc --diag_warning=225 --diag_wrap=off --display_error_number --abi=eabi --preproc_with_compile --preproc_dependency="main.d_raw"  "../main.c"
"..\exinlibs\headfile.h", line 6: warning #9-D: nested comment is not allowed
"..\exinlibs\exingpio.h", line 6: warning #9-D: nested comment is not allowed
"..\exinlibs\dat.h", line 6: warning #9-D: nested comment is not allowed
"..\exinlibs\exinpwm.h", line 6: warning #9-D: nested comment is not allowed
"..\exinlibs\exin_pit.h", line 6: warning #9-D: nested comment is not allowed
"..\exinlibs\exinADC.h", line 6: warning #9-D: nested comment is not allowed
"..\exinlibs\exinmotor.h", line 6: warning #9-D: nested comment is not allowed
"..\exinlibs\exinencoder.h", line 6: warning #9-D: nested comment is not allowed
"..\exinlibs\exinsystem.h", line 6: warning #9-D: nested comment is not allowed
"..\exinlibs\exinuart.h", line 6: warning #9-D: nested comment is not allowed
"..\exinlibs\exinadjust.h", line 6: warning #9-D: nested comment is not allowed
"..\exinlibs\exinkey.h", line 6: warning #9-D: nested comment is not allowed
"..\exinlibs\exinsteer.h", line 6: warning #9-D: nested comment is not allowed
"..\exinlibs\headfile.h", line 6: warning #9-D: nested comment is not allowed
"..\exinlibs\exinHC_SR04.h", line 6: warning #9-D: nested comment is not allowed
"../main.c", line 11: warning #552-D: variable "temp_ax" was set but never used
"../main.c", line 11: warning #552-D: variable "temp_ay" was set but never used
"../main.c", line 11: warning #552-D: variable "temp_az" was set but never used
"../main.c", line 32: warning #169-D: argument of type "unsigned char *" is incompatible with parameter of type "char *__restrict__"
"../main.c", line 36: warning #169-D: argument of type "unsigned char *" is incompatible with parameter of type "char *__restrict__"
"../main.c", line 41: warning #169-D: argument of type "unsigned char *" is incompatible with parameter of type "char *__restrict__"
"../main.c", line 53: warning #169-D: argument of type "unsigned char *" is incompatible with parameter of type "char *__restrict__"
"../main.c", line 57: warning #169-D: argument of type "unsigned char *" is incompatible with parameter of type "char *__restrict__"
"../main.c", line 62: warning #169-D: argument of type "unsigned char *" is incompatible with parameter of type "char *__restrict__"
"../main.c", line 74: warning #169-D: argument of type "unsigned char *" is incompatible with parameter of type "char *__restrict__"
"../main.c", line 78: warning #169-D: argument of type "unsigned char *" is incompatible with parameter of type "char *__restrict__"
"../main.c", line 83: warning #169-D: argument of type "unsigned char *" is incompatible with parameter of type "char *__restrict__"
"../main.c", line 32: remark #1532-D: (ULP 5.3) Detected sprintf() operation(s). Recommend moving them to RAM during run time or not using as these are processing/power intensive
"../main.c", line 36: remark #1532-D: (ULP 5.3) Detected sprintf() operation(s). Recommend moving them to RAM during run time or not using as these are processing/power intensive
"../main.c", line 41: remark #1532-D: (ULP 5.3) Detected sprintf() operation(s). Recommend moving them to RAM during run time or not using as these are processing/power intensive
"../main.c", line 53: remark #1532-D: (ULP 5.3) Detected sprintf() operation(s). Recommend moving them to RAM during run time or not using as these are processing/power intensive
"../main.c", line 57: remark #1532-D: (ULP 5.3) Detected sprintf() operation(s). Recommend moving them to RAM during run time or not using as these are processing/power intensive
"../main.c", line 62: remark #1532-D: (ULP 5.3) Detected sprintf() operation(s). Recommend moving them to RAM during run time or not using as these are processing/power intensive
"../main.c", line 74: remark #1532-D: (ULP 5.3) Detected sprintf() operation(s). Recommend moving them to RAM during run time or not using as these are processing/power intensive
"../main.c", line 78: remark #1532-D: (ULP 5.3) Detected sprintf() operation(s). Recommend moving them to RAM during run time or not using as these are processing/power intensive
"../main.c", line 83: remark #1532-D: (ULP 5.3) Detected sprintf() operation(s). Recommend moving them to RAM during run time or not using as these are processing/power intensive
"../main.c", line 97: remark #1527-D: (ULP 2.1) Detected SW delay loop using empty loop. Recommend using a timer module instead
"../main.c", line 106: remark #1527-D: (ULP 2.1) Detected SW delay loop using empty loop. Recommend using a timer module instead
"../main.c", line 124: remark #1527-D: (ULP 2.1) Detected SW delay loop using empty loop. Recommend using a timer module instead
"D:/CCS/ccs/tools/compiler/ti-cgt-arm_20.2.1.LTS/include/_defs.h", line 333 (col. 37): remark #1531-D: (ULP 5.2) Detected floating point operation(s). Recommend moving them to RAM during run time or not using as these are processing/power intensive
"D:/CCS/ccs/tools/compiler/ti-cgt-arm_20.2.1.LTS/include/_defs.h", line 334 (col. 10): remark #1531-D: (ULP 5.2) Detected floating point operation(s). Recommend moving them to RAM during run time or not using as these are processing/power intensive
"D:/CCS/ccs/tools/compiler/ti-cgt-arm_20.2.1.LTS/include/_defs.h", line 337 (col. 37): remark #1531-D: (ULP 5.2) Detected floating point operation(s). Recommend moving them to RAM during run time or not using as these are processing/power intensive
"D:/CCS/ccs/tools/compiler/ti-cgt-arm_20.2.1.LTS/include/_defs.h", line 338 (col. 10): remark #1531-D: (ULP 5.2) Detected floating point operation(s). Recommend moving them to RAM during run time or not using as these are processing/power intensive
"D:/CCS/ccs/tools/compiler/ti-cgt-arm_20.2.1.LTS/include/_defs.h", line 340 (col. 37): remark #1531-D: (ULP 5.2) Detected floating point operation(s). Recommend moving them to RAM during run time or not using as these are processing/power intensive
"D:/CCS/ccs/tools/compiler/ti-cgt-arm_20.2.1.LTS/include/_defs.h", line 341 (col. 10): remark #1531-D: (ULP 5.2) Detected floating point operation(s). Recommend moving them to RAM during run time or not using as these are processing/power intensive
"D:/CCS/ccs/tools/compiler/ti-cgt-arm_20.2.1.LTS/include/_defs.h", line 342 (col. 10): remark #1531-D: (ULP 5.2) Detected floating point operation(s). Recommend moving them to RAM during run time or not using as these are processing/power intensive
"D:/CCS/ccs/tools/compiler/ti-cgt-arm_20.2.1.LTS/include/_defs.h", line 346 (col. 37): remark #1531-D: (ULP 5.2) Detected floating point operation(s). Recommend moving them to RAM during run time or not using as these are processing/power intensive
"D:/CCS/ccs/tools/compiler/ti-cgt-arm_20.2.1.LTS/include/_defs.h", line 347 (col. 10): remark #1531-D: (ULP 5.2) Detected floating point operation(s). Recommend moving them to RAM during run time or not using as these are processing/power intensive
"D:/CCS/ccs/tools/compiler/ti-cgt-arm_20.2.1.LTS/include/_defs.h", line 348 (col. 10): remark #1531-D: (ULP 5.2) Detected floating point operation(s). Recommend moving them to RAM during run time or not using as these are processing/power intensive
"D:/CCS/ccs/tools/compiler/ti-cgt-arm_20.2.1.LTS/include/_defs.h", line 350 (col. 37): remark #1531-D: (ULP 5.2) Detected floating point operation(s). Recommend moving them to RAM during run time or not using as these are processing/power intensive
"D:/CCS/ccs/tools/compiler/ti-cgt-arm_20.2.1.LTS/include/_defs.h", line 351 (col. 11): remark #1531-D: (ULP 5.2) Detected floating point operation(s). Recommend moving them to RAM during run time or not using as these are processing/power intensive
"D:/CCS/ccs/tools/compiler/ti-cgt-arm_20.2.1.LTS/include/_defs.h", line 352 (col. 11): remark #1531-D: (ULP 5.2) Detected floating point operation(s). Recommend moving them to RAM during run time or not using as these are processing/power intensive
"D:/CCS/ccs/tools/compiler/ti-cgt-arm_20.2.1.LTS/include/_defs.h", line 358 (col. 37): remark #1531-D: (ULP 5.2) Detected floating point operation(s). Recommend moving them to RAM during run time or not using as these are processing/power intensive
"D:/CCS/ccs/tools/compiler/ti-cgt-arm_20.2.1.LTS/include/_defs.h", line 359 (col. 11): remark #1531-D: (ULP 5.2) Detected floating point operation(s). Recommend moving them to RAM during run time or not using as these are processing/power intensive
"D:/CCS/ccs/tools/compiler/ti-cgt-arm_20.2.1.LTS/include/_defs.h", line 360 (col. 11): remark #1531-D: (ULP 5.2) Detected floating point operation(s). Recommend moving them to RAM during run time or not using as these are processing/power intensive
"D:/CCS/ccs/tools/compiler/ti-cgt-arm_20.2.1.LTS/include/_defs.h", line 362 (col. 37): remark #1531-D: (ULP 5.2) Detected floating point operation(s). Recommend moving them to RAM during run time or not using as these are processing/power intensive
"D:/CCS/ccs/tools/compiler/ti-cgt-arm_20.2.1.LTS/include/_defs.h", line 363 (col. 10): remark #1531-D: (ULP 5.2) Detected floating point operation(s). Recommend moving them to RAM during run time or not using as these are processing/power intensive
"D:/CCS/ccs/tools/compiler/ti-cgt-arm_20.2.1.LTS/include/_defs.h", line 366 (col. 37): remark #1531-D: (ULP 5.2) Detected floating point operation(s). Recommend moving them to RAM during run time or not using as these are processing/power intensive
"D:/CCS/ccs/tools/compiler/ti-cgt-arm_20.2.1.LTS/include/_defs.h", line 367 (col. 10): remark #1531-D: (ULP 5.2) Detected floating point operation(s). Recommend moving them to RAM during run time or not using as these are processing/power intensive
"D:/CCS/ccs/tools/compiler/ti-cgt-arm_20.2.1.LTS/include/_defs.h", line 375 (col. 37): remark #1531-D: (ULP 5.2) Detected floating point operation(s). Recommend moving them to RAM during run time or not using as these are processing/power intensive
"D:/CCS/ccs/tools/compiler/ti-cgt-arm_20.2.1.LTS/include/_defs.h", line 376 (col. 10): remark #1531-D: (ULP 5.2) Detected floating point operation(s). Recommend moving them to RAM during run time or not using as these are processing/power intensive
"D:/CCS/ccs/tools/compiler/ti-cgt-arm_20.2.1.LTS/include/_defs.h", line 377 (col. 37): remark #1531-D: (ULP 5.2) Detected floating point operation(s). Recommend moving them to RAM during run time or not using as these are processing/power intensive
"D:/CCS/ccs/tools/compiler/ti-cgt-arm_20.2.1.LTS/include/_defs.h", line 378 (col. 10): remark #1531-D: (ULP 5.2) Detected floating point operation(s). Recommend moving them to RAM during run time or not using as these are processing/power intensive
"D:/CCS/ccs/tools/compiler/ti-cgt-arm_20.2.1.LTS/include/_defs.h", line 412 (col. 37): remark #1531-D: (ULP 5.2) Detected floating point operation(s). Recommend moving them to RAM during run time or not using as these are processing/power intensive
"D:/CCS/ccs/tools/compiler/ti-cgt-arm_20.2.1.LTS/include/_defs.h", line 414 (col. 9): remark #1531-D: (ULP 5.2) Detected floating point operation(s). Recommend moving them to RAM during run time or not using as these are processing/power intensive
"D:/CCS/ccs/tools/compiler/ti-cgt-arm_20.2.1.LTS/include/_defs.h", line 416 (col. 13): remark #1531-D: (ULP 5.2) Detected floating point operation(s). Recommend moving them to RAM during run time or not using as these are processing/power intensive
"D:/CCS/ccs/tools/compiler/ti-cgt-arm_20.2.1.LTS/include/_defs.h", line 420 (col. 9): remark #1531-D: (ULP 5.2) Detected floating point operation(s). Recommend moving them to RAM during run time or not using as these are processing/power intensive
"D:/CCS/ccs/tools/compiler/ti-cgt-arm_20.2.1.LTS/include/_defs.h", line 422 (col. 13): remark #1531-D: (ULP 5.2) Detected floating point operation(s). Recommend moving them to RAM during run time or not using as these are processing/power intensive
"D:/CCS/ccs/tools/compiler/ti-cgt-arm_20.2.1.LTS/include/_defs.h", line 429 (col. 37): remark #1531-D: (ULP 5.2) Detected floating point operation(s). Recommend moving them to RAM during run time or not using as these are processing/power intensive
"D:/CCS/ccs/tools/compiler/ti-cgt-arm_20.2.1.LTS/include/_defs.h", line 431 (col. 9): remark #1531-D: (ULP 5.2) Detected floating point operation(s). Recommend moving them to RAM during run time or not using as these are processing/power intensive
"D:/CCS/ccs/tools/compiler/ti-cgt-arm_20.2.1.LTS/include/_defs.h", line 433 (col. 13): remark #1531-D: (ULP 5.2) Detected floating point operation(s). Recommend moving them to RAM during run time or not using as these are processing/power intensive
"D:/CCS/ccs/tools/compiler/ti-cgt-arm_20.2.1.LTS/include/_defs.h", line 437 (col. 9): remark #1531-D: (ULP 5.2) Detected floating point operation(s). Recommend moving them to RAM during run time or not using as these are processing/power intensive
"D:/CCS/ccs/tools/compiler/ti-cgt-arm_20.2.1.LTS/include/_defs.h", line 439 (col. 13): remark #1531-D: (ULP 5.2) Detected floating point operation(s). Recommend moving them to RAM during run time or not using as these are processing/power intensive
"../main.c", line 20 (col. 11): remark #1531-D: (ULP 5.2) Detected floating point operation(s). Recommend moving them to RAM during run time or not using as these are processing/power intensive
"../main.c", line 21 (col. 12): remark #1531-D: (ULP 5.2) Detected floating point operation(s). Recommend moving them to RAM during run time or not using as these are processing/power intensive
"../main.c", line 22 (col. 10): remark #1531-D: (ULP 5.2) Detected floating point operation(s). Recommend moving them to RAM during run time or not using as these are processing/power intensive
"../main.c", line 74 (col. 16): remark #1531-D: (ULP 5.2) Detected floating point operation(s). Recommend moving them to RAM during run time or not using as these are processing/power intensive
"../main.c", line 78 (col. 16): remark #1531-D: (ULP 5.2) Detected floating point operation(s). Recommend moving them to RAM during run time or not using as these are processing/power intensive
"../main.c", line 83 (col. 16): remark #1531-D: (ULP 5.2) Detected floating point operation(s). Recommend moving them to RAM during run time or not using as these are processing/power intensive
Finished building: "../main.c"
 
Building target: "17.Exin_U6050.out"
Invoking: ARM Linker
"D:/CCS/ccs/tools/compiler/ti-cgt-arm_20.2.1.LTS/bin/armcl" -mv7M4 --code_state=16 --float_support=FPv4SPD16 -me --advice:power=all --define=__MSP432P401R__ --define=ccs -g --gcc --diag_warning=225 --diag_wrap=off --display_error_number --abi=eabi -z -m"17.Exin_U6050.map" --heap_size=1024 --stack_size=512 -i"D:/CCS/ccs/ccs_base/arm/include" -i"D:/CCS/ccs/tools/compiler/ti-cgt-arm_20.2.1.LTS/lib" -i"D:/CCS/ccs/tools/compiler/ti-cgt-arm_20.2.1.LTS/include" --reread_libs --diag_wrap=off --display_error_number --warn_sections --xml_link_info="17.Exin_U6050_linkInfo.xml" --rom_model -o "17.Exin_U6050.out" "./main.obj" "./startup_msp432p401r_ccs.obj" "./system_msp432p401r.obj" "./exinlibs/ADS1292.obj" "./exinlibs/ADS_RCV.obj" "./exinlibs/LMT70RD.obj" "./exinlibs/OV_RCV.obj" "./exinlibs/Oscill_OLED.obj" "./exinlibs/exinADC.obj" "./exinlibs/exinHC_SR04.obj" "./exinlibs/exinIIC.obj" "./exinlibs/exinMPU6050.obj" "./exinlibs/exin_library_map_guide.obj" "./exinlibs/exin_pit.obj" "./exinlibs/exinadjust.obj" "./exinlibs/exinencoder.obj" "./exinlibs/exingpio.obj" "./exinlibs/exinisr.obj" "./exinlibs/exinkey.obj" "./exinlibs/exinmotor.obj" "./exinlibs/exinpwm.obj" "./exinlibs/exinsteer.obj" "./exinlibs/exinsystem.obj" "./exinlibs/exinuart.obj" "./exinlibs/oled.obj" "./exinlibs/serial.obj" "../msp432p401r.cmd"  -llibc.a -l"C:/ti/msp/MSP432Ware_3_40_00_25/driverlib/driverlib/MSP432P4xx/ccs/msp432p4xx_driverlib.lib" 
<Linking>
remark #10371-D: (ULP 1.1) Detected no uses of low power mode state changing instructions
remark #10372-D: (ULP 4.1) Detected uninitialized Port 1 in this project. Recommend initializing all unused ports to eliminate wasted current consumption on unused pins.
remark #10372-D: (ULP 4.1) Detected uninitialized Port 2 in this project. Recommend initializing all unused ports to eliminate wasted current consumption on unused pins.
remark #10372-D: (ULP 4.1) Detected uninitialized Port 3 in this project. Recommend initializing all unused ports to eliminate wasted current consumption on unused pins.
remark #10372-D: (ULP 4.1) Detected uninitialized Port 4 in this project. Recommend initializing all unused ports to eliminate wasted current consumption on unused pins.
remark #10372-D: (ULP 4.1) Detected uninitialized Port 5 in this project. Recommend initializing all unused ports to eliminate wasted current consumption on unused pins.
remark #10372-D: (ULP 4.1) Detected uninitialized Port 6 in this project. Recommend initializing all unused ports to eliminate wasted current consumption on unused pins.
remark #10372-D: (ULP 4.1) Detected uninitialized Port 7 in this project. Recommend initializing all unused ports to eliminate wasted current consumption on unused pins.
remark #10372-D: (ULP 4.1) Detected uninitialized Port 8 in this project. Recommend initializing all unused ports to eliminate wasted current consumption on unused pins.
remark #10372-D: (ULP 4.1) Detected uninitialized Port 9 in this project. Recommend initializing all unused ports to eliminate wasted current consumption on unused pins.
remark #10372-D: (ULP 4.1) Detected uninitialized Port 10 in this project. Recommend initializing all unused ports to eliminate wasted current consumption on unused pins.
Finished building target: "17.Exin_U6050.out"
 

**** Build Finished ****
